🔥 生成终极优化版日报 - 2026-03-08
📰 抓取虎嗅...
📰 抓取 36 氪...
📺 抓取 B 站...
📕 抓取小红书...
📱 抓取 Reddit...
🐙 抓取 GitHub...
✅ 报告已生成：reports/daily-hot/hot-report-ultimate-2026-03-08.md
📤 发送到飞书...
env: node: No such file or directory
🔥 生成终极优化版日报 - 2026-03-09
📰 抓取虎嗅...
📰 抓取 36 氪...
📺 抓取 B 站...
📕 抓取小红书...
📱 抓取 Reddit...
🐙 抓取 GitHub...
✅ 报告已生成：reports/daily-hot/hot-report-ultimate-2026-03-09.md
📤 发送到飞书...
Config warnings:\n- plugins.entries.feishu: plugin feishu: duplicate plugin id detected; later plugin may be overridden (/Users/liwang/.openclaw/extensions/feishu/index.ts)
│
◇  Config warnings ────────────────────────────────────────────────────────╮
│                                                                          │
│  - plugins.entries.feishu: plugin feishu: duplicate plugin id detected;  │
│    later plugin may be overridden                                        │
│    (/Users/liwang/.openclaw/extensions/feishu/index.ts)                  │
│                                                                          │
├──────────────────────────────────────────────────────────────────────────╯
Config warnings:\n- plugins.entries.feishu: plugin feishu: duplicate plugin id detected; later plugin may be overridden (/Users/liwang/.openclaw/extensions/feishu/index.ts)
Config warnings:\n- plugins.entries.feishu: plugin feishu: duplicate plugin id detected; later plugin may be overridden (/Users/liwang/.openclaw/extensions/feishu/index.ts)
[plugins] feishu_doc: Registered feishu_doc, feishu_app_scopes
[plugins] feishu_chat: Registered feishu_chat tool
[plugins] feishu_wiki: Registered feishu_wiki tool
[plugins] feishu_drive: Registered feishu_drive tool
[plugins] feishu_bitable: Registered bitable tools
Config warnings:\n- plugins.entries.feishu: plugin feishu: duplicate plugin id detected; later plugin may be overridden (/Users/liwang/.openclaw/extensions/feishu/index.ts)
[info]: [ 'client ready' ]
✅ Sent via Feishu. Message ID: om_x100b55d430866890c3e064178ab81ef (chat ou_7781abd1e83eae23ccf01fe627f0747f)
./scripts/daily-hot-report-ultimate.sh: line 247: ━━━━━━━━━━━━━━━━━━: command not found
🔥 生成终极优化版日报 - 2026-03-10
📰 抓取虎嗅...
📰 抓取 36 氪...
📺 抓取 B 站...
📕 抓取小红书...
📱 抓取 Reddit...
🐙 抓取 GitHub...
✅ 报告已生成：reports/daily-hot/hot-report-ultimate-2026-03-10.md
📤 发送到飞书...
Config warnings:\n- plugins.entries.feishu: plugin feishu: duplicate plugin id detected; later plugin may be overridden (/Users/liwang/.openclaw/extensions/feishu/index.ts)
│
◇  Config warnings ────────────────────────────────────────────────────────╮
│                                                                          │
│  - plugins.entries.feishu: plugin feishu: duplicate plugin id detected;  │
│    later plugin may be overridden                                        │
│    (/Users/liwang/.openclaw/extensions/feishu/index.ts)                  │
│                                                                          │
├──────────────────────────────────────────────────────────────────────────╯
Config warnings:\n- plugins.entries.feishu: plugin feishu: duplicate plugin id detected; later plugin may be overridden (/Users/liwang/.openclaw/extensions/feishu/index.ts)
Config warnings:\n- plugins.entries.feishu: plugin feishu: duplicate plugin id detected; later plugin may be overridden (/Users/liwang/.openclaw/extensions/feishu/index.ts)
[plugins] feishu_doc: Registered feishu_doc, feishu_app_scopes
[plugins] feishu_chat: Registered feishu_chat tool
[plugins] feishu_wiki: Registered feishu_wiki tool
[plugins] feishu_drive: Registered feishu_drive tool
[plugins] feishu_bitable: Registered bitable tools
Config warnings:\n- plugins.entries.feishu: plugin feishu: duplicate plugin id detected; later plugin may be overridden (/Users/liwang/.openclaw/extensions/feishu/index.ts)
[info]: [ 'client ready' ]
✅ Sent via Feishu. Message ID: om_x100b55c1d8d03d38c3e3576f671fd71 (chat ou_7781abd1e83eae23ccf01fe627f0747f)
./scripts/daily-hot-report-ultimate.sh: line 247: ━━━━━━━━━━━━━━━━━━: command not found
🔥 生成终极优化版日报 - 2026-03-11
📰 抓取虎嗅...
📰 抓取 36 氪...
📺 抓取 B 站...
📕 抓取小红书...
📱 抓取 Reddit...
🐙 抓取 GitHub...
✅ 报告已生成：reports/daily-hot/hot-report-ultimate-2026-03-11.md
📤 发送到飞书...
Config warnings:\n- plugins.entries.feishu: plugin feishu: duplicate plugin id detected; later plugin may be overridden (/Users/liwang/.openclaw/extensions/feishu/index.ts)
│
◇  Config warnings ────────────────────────────────────────────────────────╮
│                                                                          │
│  - plugins.entries.feishu: plugin feishu: duplicate plugin id detected;  │
│    later plugin may be overridden                                        │
│    (/Users/liwang/.openclaw/extensions/feishu/index.ts)                  │
│                                                                          │
├──────────────────────────────────────────────────────────────────────────╯
Config warnings:\n- plugins.entries.feishu: plugin feishu: duplicate plugin id detected; later plugin may be overridden (/Users/liwang/.openclaw/extensions/feishu/index.ts)
Config warnings:\n- plugins.entries.feishu: plugin feishu: duplicate plugin id detected; later plugin may be overridden (/Users/liwang/.openclaw/extensions/feishu/index.ts)
[plugins] feishu_doc: Registered feishu_doc, feishu_app_scopes
[plugins] feishu_chat: Registered feishu_chat tool
[plugins] feishu_wiki: Registered feishu_wiki tool
[plugins] feishu_drive: Registered feishu_drive tool
[plugins] feishu_bitable: Registered bitable tools
Config warnings:\n- plugins.entries.feishu: plugin feishu: duplicate plugin id detected; later plugin may be overridden (/Users/liwang/.openclaw/extensions/feishu/index.ts)
[info]: [ 'client ready' ]
✅ Sent via Feishu. Message ID: om_x100b543ee1c5aca0c2ef94485385b45 (chat ou_7781abd1e83eae23ccf01fe627f0747f)
./scripts/daily-hot-report-ultimate.sh: line 247: ━━━━━━━━━━━━━━━━━━: command not found
🔥 生成终极优化版日报 - 2026-03-12
📰 抓取虎嗅...
📰 抓取 36 氪...
📺 抓取 B 站...
📕 抓取小红书...
📱 抓取 Reddit...
🐙 抓取 GitHub...
✅ 报告已生成：reports/daily-hot/hot-report-ultimate-2026-03-12.md
📤 发送到飞书...
Config warnings:\n- plugins.entries.feishu: plugin feishu: duplicate plugin id detected; later plugin may be overridden (/Users/liwang/.openclaw/extensions/feishu/index.ts)
│
◇  Config warnings ────────────────────────────────────────────────────────╮
│                                                                          │
│  - plugins.entries.feishu: plugin feishu: duplicate plugin id detected;  │
│    later plugin may be overridden                                        │
│    (/Users/liwang/.openclaw/extensions/feishu/index.ts)                  │
│                                                                          │
├──────────────────────────────────────────────────────────────────────────╯
Config warnings:\n- plugins.entries.feishu: plugin feishu: duplicate plugin id detected; later plugin may be overridden (/Users/liwang/.openclaw/extensions/feishu/index.ts)
Config warnings:\n- plugins.entries.feishu: plugin feishu: duplicate plugin id detected; later plugin may be overridden (/Users/liwang/.openclaw/extensions/feishu/index.ts)
[plugins] feishu_doc: Registered feishu_doc, feishu_app_scopes
[plugins] feishu_chat: Registered feishu_chat tool
[plugins] feishu_wiki: Registered feishu_wiki tool
[plugins] feishu_drive: Registered feishu_drive tool
[plugins] feishu_bitable: Registered bitable tools
Config warnings:\n- plugins.entries.feishu: plugin feishu: duplicate plugin id detected; later plugin may be overridden (/Users/liwang/.openclaw/extensions/feishu/index.ts)
[info]: [ 'client ready' ]
✅ Sent via Feishu. Message ID: om_x100b542b8f557ca8c111222f55f28b3 (chat ou_7781abd1e83eae23ccf01fe627f0747f)
./scripts/daily-hot-report-ultimate.sh: line 247: ━━━━━━━━━━━━━━━━━━: command not found
