🌤️ 天气任务已触发 - 2026-03-05 20:18:15
🌤️ 天气任务已触发 - 2026-03-05 20:19:39
✅ 天气预报已发送 - Thu Mar  5 20:19:50 CST 2026
🌤️ 天气任务已触发 - 2026-03-05 20:21:44
✅ 天气预报已发送 - Thu Mar  5 20:21:46 CST 2026
🌤️ 天气任务已触发 - 2026-03-05 20:23:47
✅ 天气预报已发送 - Thu Mar  5 20:23:48 CST 2026
🌤️ 天气任务已触发 - 2026-03-05 20:24:11
✅ 天气预报已发送 - Thu Mar  5 20:24:12 CST 2026
🌤️ 天气任务已触发 - 2026-03-05 20:24:47
✅ 天气预报已发送 - Thu Mar  5 20:24:54 CST 2026
🌤️ 天气任务已触发 - 2026-03-05 20:25:00
✅ 天气预报已发送 - Thu Mar  5 20:25:01 CST 2026
🌤️ 天气任务已触发 - 2026-03-05 20:26:09
✅ 天气预报已发送 - Thu Mar  5 20:26:21 CST 2026
🌤️ 天气任务已触发 - 2026-03-05 20:26:28
✅ 天气预报已发送 - Thu Mar  5 20:26:29 CST 2026
🌤️ 天气任务已触发 - 2026-03-05 20:27:44
✅ 天气预报已发送 - Thu Mar  5 20:27:45 CST 2026
🌤️ 天气任务已触发 - 2026-03-06 07:58:25
✅ 天气预报已发送 - Fri Mar  6 07:58:27 CST 2026
🌤️ 天气任务已触发 - 2026-03-08 07:00:00
✅ 天气预报已发送 - Sun Mar  8 07:00:09 CST 2026
🌤️ 天气任务已触发 - 2026-03-09 07:00:00
✅ 天气预报已发送 - Mon Mar  9 07:00:08 CST 2026
🌤️ 天气任务已触发 - 2026-03-10 07:00:03
🌤️ 天气任务已触发 - 2026-03-11 07:00:00
🌤️ 天气任务已触发 - 2026-03-12 07:00:01
