[2026-03-12 16:01:19] === Castle Six 问卷发送开始 ===
[2026-03-12 16:01:19] 健康堡服务器已运行
[2026-03-12 16:01:19] 成长堡服务器已运行
[2026-03-12 16:01:19] 发送健康堡问卷...
[2026-03-12 16:01:28] ✅ 健康堡问卷已发送
[2026-03-12 16:01:28] 发送成长堡问卷...
[2026-03-12 16:01:35] ✅ 成长堡问卷已发送
[2026-03-12 16:24:04] === Castle Six 问卷 + 学习计划发送开始 ===
[2026-03-12 16:24:04] 健康堡服务器已运行
[2026-03-12 16:24:04] 成长堡服务器已运行
[2026-03-12 16:24:04] 发送 Castle Six 统一消息...
[2026-03-12 16:24:12] ✅ Castle Six 统一消息已发送
[2026-03-12 16:24:12] === Castle Six 问卷 + 学习计划发送完成 ===
[2026-03-12 16:24:12] 🎉 健康堡 + 成长堡 + 学习计划 + 考题已发送
[2026-03-12 16:27:27] === Castle Six 问卷 + 学习计划发送开始 ===
[2026-03-12 16:27:27] 健康堡服务器已运行
[2026-03-12 16:27:27] 成长堡服务器已运行
[2026-03-12 16:27:27] 发送问卷消息...
[2026-03-12 16:27:35] ✅ 问卷消息已发送
[2026-03-12 16:27:35] 发送学习计划...
[2026-03-12 16:27:43] ✅ 学习计划已发送
[2026-03-12 16:27:43] === Castle Six 问卷 + 学习计划发送完成 ===
[2026-03-12 16:27:43] 🎉 健康堡 + 成长堡 + 学习计划 + 考题已发送
[2026-03-12 16:32:58] === Castle Six 问卷 + 学习计划发送开始 ===
[2026-03-12 16:32:58] 健康堡服务器已运行
[2026-03-12 16:32:58] 成长堡服务器已运行
[2026-03-12 16:32:58] 发送健康堡问卷...
[2026-03-12 16:33:06] ✅ 健康堡问卷已发送
[2026-03-12 16:33:06] 发送成长堡每日学习计划提醒...
[2026-03-12 16:33:12] ✅ 成长堡每日学习计划提醒已发送
[2026-03-12 16:33:12] === Castle Six 每日任务发送完成 ===
[2026-03-12 16:33:12] 🎉 健康堡问卷 + 成长堡学习计划已发送
