🔥 生成终极优化版日报 - 2026-03-08
📰 抓取虎嗅...
📰 抓取 36 氪...
📺 抓取 B 站...
📕 抓取小红书...
📱 抓取 Reddit...
🐙 抓取 GitHub...
✅ 报告已生成：reports/daily-hot/hot-report-ultimate-2026-03-08.md
📤 发送到飞书...
env: node: No such file or directory
🔥 生成终极优化版日报 - 2026-03-09
📰 抓取虎嗅...
📰 抓取 36 氪...
📺 抓取 B 站...
📕 抓取小红书...
📱 抓取 Reddit...
🐙 抓取 GitHub...
✅ 报告已生成：reports/daily-hot/hot-report-ultimate-2026-03-09.md
📤 发送到飞书...
Config warnings:\n- plugins.entries.feishu: plugin feishu: duplicate plugin id detected; later plugin may be overridden (/Users/liwang/.openclaw/extensions/feishu/index.ts)
│
◇  Config warnings ────────────────────────────────────────────────────────╮
│                                                                          │
│  - plugins.entries.feishu: plugin feishu: duplicate plugin id detected;  │
│    later plugin may be overridden                                        │
│    (/Users/liwang/.openclaw/extensions/feishu/index.ts)                  │
│                                                                          │
├──────────────────────────────────────────────────────────────────────────╯
Config warnings:\n- plugins.entries.feishu: plugin feishu: duplicate plugin id detected; later plugin may be overridden (/Users/liwang/.openclaw/extensions/feishu/index.ts)
Config warnings:\n- plugins.entries.feishu: plugin feishu: duplicate plugin id detected; later plugin may be overridden (/Users/liwang/.openclaw/extensions/feishu/index.ts)
[plugins] feishu_doc: Registered feishu_doc, feishu_app_scopes
[plugins] feishu_chat: Registered feishu_chat tool
[plugins] feishu_wiki: Registered feishu_wiki tool
[plugins] feishu_drive: Registered feishu_drive tool
[plugins] feishu_bitable: Registered bitable tools
Config warnings:\n- plugins.entries.feishu: plugin feishu: duplicate plugin id detected; later plugin may be overridden (/Users/liwang/.openclaw/extensions/feishu/index.ts)
[info]: [ 'client ready' ]
✅ Sent via Feishu. Message ID: om_x100b55d430866890c3e064178ab81ef (chat ou_7781abd1e83eae23ccf01fe627f0747f)
./scripts/daily-hot-report-ultimate.sh: line 247: ━━━━━━━━━━━━━━━━━━: command not found
🔥 生成终极优化版日报 - 2026-03-10
📰 抓取虎嗅...
📰 抓取 36 氪...
📺 抓取 B 站...
📕 抓取小红书...
📱 抓取 Reddit...
🐙 抓取 GitHub...
✅ 报告已生成：reports/daily-hot/hot-report-ultimate-2026-03-10.md
📤 发送到飞书...
Config warnings:\n- plugins.entries.feishu: plugin feishu: duplicate plugin id detected; later plugin may be overridden (/Users/liwang/.openclaw/extensions/feishu/index.ts)
│
◇  Config warnings ────────────────────────────────────────────────────────╮
│                                                                          │
│  - plugins.entries.feishu: plugin feishu: duplicate plugin id detected;  │
│    later plugin may be overridden                                        │
│    (/Users/liwang/.openclaw/extensions/feishu/index.ts)                  │
│                                                                          │
├──────────────────────────────────────────────────────────────────────────╯
Config warnings:\n- plugins.entries.feishu: plugin feishu: duplicate plugin id detected; later plugin may be overridden (/Users/liwang/.openclaw/extensions/feishu/index.ts)
Config warnings:\n- plugins.entries.feishu: plugin feishu: duplicate plugin id detected; later plugin may be overridden (/Users/liwang/.openclaw/extensions/feishu/index.ts)
[plugins] feishu_doc: Registered feishu_doc, feishu_app_scopes
[plugins] feishu_chat: Registered feishu_chat tool
[plugins] feishu_wiki: Registered feishu_wiki tool
[plugins] feishu_drive: Registered feishu_drive tool
[plugins] feishu_bitable: Registered bitable tools
Config warnings:\n- plugins.entries.feishu: plugin feishu: duplicate plugin id detected; later plugin may be overridden (/Users/liwang/.openclaw/extensions/feishu/index.ts)
[info]: [ 'client ready' ]
✅ Sent via Feishu. Message ID: om_x100b55c1d8d03d38c3e3576f671fd71 (chat ou_7781abd1e83eae23ccf01fe627f0747f)
./scripts/daily-hot-report-ultimate.sh: line 247: ━━━━━━━━━━━━━━━━━━: command not found
🔥 生成终极优化版日报 - 2026-03-11
📰 抓取虎嗅...
📰 抓取 36 氪...
📺 抓取 B 站...
📕 抓取小红书...
📱 抓取 Reddit...
🐙 抓取 GitHub...
✅ 报告已生成：reports/daily-hot/hot-report-ultimate-2026-03-11.md
📤 发送到飞书...
Config warnings:\n- plugins.entries.feishu: plugin feishu: duplicate plugin id detected; later plugin may be overridden (/Users/liwang/.openclaw/extensions/feishu/index.ts)
│
◇  Config warnings ────────────────────────────────────────────────────────╮
│                                                                          │
│  - plugins.entries.feishu: plugin feishu: duplicate plugin id detected;  │
│    later plugin may be overridden                                        │
│    (/Users/liwang/.openclaw/extensions/feishu/index.ts)                  │
│                                                                          │
├──────────────────────────────────────────────────────────────────────────╯
Config warnings:\n- plugins.entries.feishu: plugin feishu: duplicate plugin id detected; later plugin may be overridden (/Users/liwang/.openclaw/extensions/feishu/index.ts)
Config warnings:\n- plugins.entries.feishu: plugin feishu: duplicate plugin id detected; later plugin may be overridden (/Users/liwang/.openclaw/extensions/feishu/index.ts)
[plugins] feishu_doc: Registered feishu_doc, feishu_app_scopes
[plugins] feishu_chat: Registered feishu_chat tool
[plugins] feishu_wiki: Registered feishu_wiki tool
[plugins] feishu_drive: Registered feishu_drive tool
[plugins] feishu_bitable: Registered bitable tools
Config warnings:\n- plugins.entries.feishu: plugin feishu: duplicate plugin id detected; later plugin may be overridden (/Users/liwang/.openclaw/extensions/feishu/index.ts)
[info]: [ 'client ready' ]
✅ Sent via Feishu. Message ID: om_x100b543ee1c5aca0c2ef94485385b45 (chat ou_7781abd1e83eae23ccf01fe627f0747f)
./scripts/daily-hot-report-ultimate.sh: line 247: ━━━━━━━━━━━━━━━━━━: command not found
🔥 生成终极优化版日报 - 2026-03-12
📰 抓取虎嗅...
📰 抓取 36 氪...
📺 抓取 B 站...
📕 抓取小红书...
📱 抓取 Reddit...
🐙 抓取 GitHub...
✅ 报告已生成：reports/daily-hot/hot-report-ultimate-2026-03-12.md
📤 发送到飞书...
Config warnings:\n- plugins.entries.feishu: plugin feishu: duplicate plugin id detected; later plugin may be overridden (/Users/liwang/.openclaw/extensions/feishu/index.ts)
│
◇  Config warnings ────────────────────────────────────────────────────────╮
│                                                                          │
│  - plugins.entries.feishu: plugin feishu: duplicate plugin id detected;  │
│    later plugin may be overridden                                        │
│    (/Users/liwang/.openclaw/extensions/feishu/index.ts)                  │
│                                                                          │
├──────────────────────────────────────────────────────────────────────────╯
Config warnings:\n- plugins.entries.feishu: plugin feishu: duplicate plugin id detected; later plugin may be overridden (/Users/liwang/.openclaw/extensions/feishu/index.ts)
Config warnings:\n- plugins.entries.feishu: plugin feishu: duplicate plugin id detected; later plugin may be overridden (/Users/liwang/.openclaw/extensions/feishu/index.ts)
[plugins] feishu_doc: Registered feishu_doc, feishu_app_scopes
[plugins] feishu_chat: Registered feishu_chat tool
[plugins] feishu_wiki: Registered feishu_wiki tool
[plugins] feishu_drive: Registered feishu_drive tool
[plugins] feishu_bitable: Registered bitable tools
Config warnings:\n- plugins.entries.feishu: plugin feishu: duplicate plugin id detected; later plugin may be overridden (/Users/liwang/.openclaw/extensions/feishu/index.ts)
[info]: [ 'client ready' ]
✅ Sent via Feishu. Message ID: om_x100b542b8f557ca8c111222f55f28b3 (chat ou_7781abd1e83eae23ccf01fe627f0747f)
./scripts/daily-hot-report-ultimate.sh: line 247: ━━━━━━━━━━━━━━━━━━: command not found
🔥 生成终极优化版日报 - 2026-03-13
📰 抓取虎嗅...
📰 抓取 36 氪...
📺 抓取 B 站...
📕 抓取小红书...
📱 抓取 Reddit...
🐙 抓取 GitHub...
✅ 报告已生成：reports/daily-hot/hot-report-ultimate-2026-03-13.md
📤 发送到飞书...
Config warnings:\n- plugins.entries.feishu: plugin feishu: duplicate plugin id detected; later plugin may be overridden (/Users/liwang/.openclaw/extensions/feishu/index.ts)
│
◇  Config warnings ────────────────────────────────────────────────────────╮
│                                                                          │
│  - plugins.entries.feishu: plugin feishu: duplicate plugin id detected;  │
│    later plugin may be overridden                                        │
│    (/Users/liwang/.openclaw/extensions/feishu/index.ts)                  │
│                                                                          │
├──────────────────────────────────────────────────────────────────────────╯
Config warnings:\n- plugins.entries.feishu: plugin feishu: duplicate plugin id detected; later plugin may be overridden (/Users/liwang/.openclaw/extensions/feishu/index.ts)
Config warnings:\n- plugins.entries.feishu: plugin feishu: duplicate plugin id detected; later plugin may be overridden (/Users/liwang/.openclaw/extensions/feishu/index.ts)
[plugins] feishu_doc: Registered feishu_doc, feishu_app_scopes
[plugins] feishu_chat: Registered feishu_chat tool
[plugins] feishu_wiki: Registered feishu_wiki tool
[plugins] feishu_drive: Registered feishu_drive tool
[plugins] feishu_bitable: Registered bitable tools
Config warnings:\n- plugins.entries.feishu: plugin feishu: duplicate plugin id detected; later plugin may be overridden (/Users/liwang/.openclaw/extensions/feishu/index.ts)
[info]: [ 'client ready' ]
✅ Sent via Feishu. Message ID: om_x100b540093337ca0c36abce23bbcc4a (chat ou_7781abd1e83eae23ccf01fe627f0747f)
./scripts/daily-hot-report-ultimate.sh: line 247: ━━━━━━━━━━━━━━━━━━: command not found
🔥 生成终极优化版日报 - 2026-03-14
📰 抓取虎嗅...
📰 抓取 36 氪...
📺 抓取 B 站...
📕 抓取小红书...
📱 抓取 Reddit...
🐙 抓取 GitHub...
✅ 报告已生成：reports/daily-hot/hot-report-ultimate-2026-03-14.md
📤 发送到飞书...
Config warnings:\n- plugins.entries.feishu: plugin feishu: duplicate plugin id detected; later plugin may be overridden (/Users/liwang/.openclaw/extensions/feishu/index.ts)
│
◇  Config warnings ────────────────────────────────────────────────────────╮
│                                                                          │
│  - plugins.entries.feishu: plugin feishu: duplicate plugin id detected;  │
│    later plugin may be overridden                                        │
│    (/Users/liwang/.openclaw/extensions/feishu/index.ts)                  │
│                                                                          │
├──────────────────────────────────────────────────────────────────────────╯
Config warnings:\n- plugins.entries.feishu: plugin feishu: duplicate plugin id detected; later plugin may be overridden (/Users/liwang/.openclaw/extensions/feishu/index.ts)
[plugins] feishu_doc: Registered feishu_doc, feishu_app_scopes
[plugins] feishu_chat: Registered feishu_chat tool
[plugins] feishu_wiki: Registered feishu_wiki tool
[plugins] feishu_drive: Registered feishu_drive tool
[plugins] feishu_bitable: Registered bitable tools
Config warnings:\n- plugins.entries.feishu: plugin feishu: duplicate plugin id detected; later plugin may be overridden (/Users/liwang/.openclaw/extensions/feishu/index.ts)
[plugins] feishu_doc: Registered feishu_doc, feishu_app_scopes
[plugins] feishu_chat: Registered feishu_chat tool
[plugins] feishu_wiki: Registered feishu_wiki tool
[plugins] feishu_drive: Registered feishu_drive tool
[plugins] feishu_bitable: Registered bitable tools
[plugins] feishu_doc: Registered feishu_doc, feishu_app_scopes
[plugins] feishu_chat: Registered feishu_chat tool
[plugins] feishu_wiki: Registered feishu_wiki tool
[plugins] feishu_drive: Registered feishu_drive tool
[plugins] feishu_bitable: Registered bitable tools
Config warnings:\n- plugins.entries.feishu: plugin feishu: duplicate plugin id detected; later plugin may be overridden (/Users/liwang/.openclaw/extensions/feishu/index.ts)
[plugins] feishu_doc: Registered feishu_doc, feishu_app_scopes
[plugins] feishu_chat: Registered feishu_chat tool
[plugins] feishu_wiki: Registered feishu_wiki tool
[plugins] feishu_drive: Registered feishu_drive tool
[plugins] feishu_bitable: Registered bitable tools
[info]: [ 'client ready' ]
✅ Sent via Feishu. Message ID: om_x100b547da3560ca0c38d2dcfd919755 (chat ou_7781abd1e83eae23ccf01fe627f0747f)
✅ 飞书发送完成！
🔥 生成终极优化版日报 - 2026-03-15
📰 抓取虎嗅...
📰 抓取 36 氪...
📺 抓取 B 站...
📕 抓取小红书...
📱 抓取 Reddit...
🐙 抓取 GitHub...
✅ 报告已生成：reports/daily-hot/hot-report-ultimate-2026-03-15.md
📤 发送到飞书...
Config warnings:\n- plugins.entries.feishu: plugin feishu: duplicate plugin id detected; later plugin may be overridden (/Users/liwang/.openclaw/extensions/feishu/index.ts)
│
◇  Config warnings ────────────────────────────────────────────────────────╮
│                                                                          │
│  - plugins.entries.feishu: plugin feishu: duplicate plugin id detected;  │
│    later plugin may be overridden                                        │
│    (/Users/liwang/.openclaw/extensions/feishu/index.ts)                  │
│                                                                          │
├──────────────────────────────────────────────────────────────────────────╯
[plugins] feishu_doc: Registered feishu_doc, feishu_app_scopes
[plugins] feishu_chat: Registered feishu_chat tool
[plugins] feishu_wiki: Registered feishu_wiki tool
[plugins] feishu_drive: Registered feishu_drive tool
[plugins] feishu_bitable: Registered bitable tools
Config warnings:\n- plugins.entries.feishu: plugin feishu: duplicate plugin id detected; later plugin may be overridden (/Users/liwang/.openclaw/extensions/feishu/index.ts)
[plugins] feishu_doc: Registered feishu_doc, feishu_app_scopes
[plugins] feishu_chat: Registered feishu_chat tool
[plugins] feishu_wiki: Registered feishu_wiki tool
[plugins] feishu_drive: Registered feishu_drive tool
[plugins] feishu_bitable: Registered bitable tools
[info]: [ 'client ready' ]
✅ Sent via Feishu. Message ID: om_x100b546b4bd440a4c3726889e20e315 (chat ou_7781abd1e83eae23ccf01fe627f0747f)
✅ 飞书发送完成！
🔥 生成终极优化版日报 - 2026-03-16
📰 抓取虎嗅...
📰 抓取 36 氪...
📺 抓取 B 站...
📕 抓取小红书...
📱 抓取 Reddit...
🐙 抓取 GitHub...
✅ 报告已生成：reports/daily-hot/hot-report-ultimate-2026-03-16.md
📤 发送到飞书...
Config warnings:\n- plugins.entries.feishu: plugin feishu: duplicate plugin id detected; later plugin may be overridden (/Users/liwang/.openclaw/extensions/feishu/index.ts)
│
◇  Config warnings ────────────────────────────────────────────────────────╮
│                                                                          │
│  - plugins.entries.feishu: plugin feishu: duplicate plugin id detected;  │
│    later plugin may be overridden                                        │
│    (/Users/liwang/.openclaw/extensions/feishu/index.ts)                  │
│                                                                          │
├──────────────────────────────────────────────────────────────────────────╯
[plugins] feishu_doc: Registered feishu_doc, feishu_app_scopes
[plugins] feishu_chat: Registered feishu_chat tool
[plugins] feishu_wiki: Registered feishu_wiki tool
[plugins] feishu_drive: Registered feishu_drive tool
[plugins] feishu_bitable: Registered bitable tools
Config warnings:\n- plugins.entries.feishu: plugin feishu: duplicate plugin id detected; later plugin may be overridden (/Users/liwang/.openclaw/extensions/feishu/index.ts)
[plugins] feishu_doc: Registered feishu_doc, feishu_app_scopes
[plugins] feishu_chat: Registered feishu_chat tool
[plugins] feishu_wiki: Registered feishu_wiki tool
[plugins] feishu_drive: Registered feishu_drive tool
[plugins] feishu_bitable: Registered bitable tools
[info]: [ 'client ready' ]
✅ Sent via Feishu. Message ID: om_x100b5440520e44a0c4a748c19fb0488 (chat ou_7781abd1e83eae23ccf01fe627f0747f)
✅ 飞书发送完成！
🔥 生成终极优化版日报 - 2026-03-17
📰 抓取虎嗅...
📰 抓取 36 氪...
📺 抓取 B 站...
📕 抓取小红书...
📱 抓取 Reddit...
🐙 抓取 GitHub...
✅ 报告已生成：reports/daily-hot/hot-report-ultimate-2026-03-17.md
📤 发送到飞书...
Config warnings:\n- plugins.entries.feishu: plugin feishu: duplicate plugin id detected; later plugin may be overridden (/Users/liwang/.openclaw/extensions/feishu/index.ts)
│
◇  Config warnings ────────────────────────────────────────────────────────╮
│                                                                          │
│  - plugins.entries.feishu: plugin feishu: duplicate plugin id detected;  │
│    later plugin may be overridden                                        │
│    (/Users/liwang/.openclaw/extensions/feishu/index.ts)                  │
│                                                                          │
├──────────────────────────────────────────────────────────────────────────╯
[plugins] feishu_doc: Registered feishu_doc, feishu_app_scopes
[plugins] feishu_chat: Registered feishu_chat tool
[plugins] feishu_wiki: Registered feishu_wiki tool
[plugins] feishu_drive: Registered feishu_drive tool
[plugins] feishu_bitable: Registered bitable tools
Config warnings:\n- plugins.entries.feishu: plugin feishu: duplicate plugin id detected; later plugin may be overridden (/Users/liwang/.openclaw/extensions/feishu/index.ts)
[plugins] feishu_doc: Registered feishu_doc, feishu_app_scopes
[plugins] feishu_chat: Registered feishu_chat tool
[plugins] feishu_wiki: Registered feishu_wiki tool
[plugins] feishu_drive: Registered feishu_drive tool
[plugins] feishu_bitable: Registered bitable tools
[info]: [ 'client ready' ]
✅ Sent via Feishu. Message ID: om_x100b54bd7a604ca0c3358c10ad9990b (chat ou_7781abd1e83eae23ccf01fe627f0747f)
✅ 飞书发送完成！
🔥 生成终极优化版日报 - 2026-03-18
📰 抓取虎嗅...
📰 抓取 36 氪...
📺 抓取 B 站...
📕 抓取小红书...
📱 抓取 Reddit...
🐙 抓取 GitHub...
✅ 报告已生成：reports/daily-hot/hot-report-ultimate-2026-03-18.md
📤 发送到飞书...
⏳ 等待 3 分钟后生成合并音频...
✅ 爆款日报任务完成 - 2026-03-18 07:34:22
Config warnings:\n- plugins.entries.feishu: plugin feishu: duplicate plugin id detected; later plugin may be overridden (/Users/liwang/.openclaw/extensions/feishu/index.ts)
│
◇  Config warnings ────────────────────────────────────────────────────────╮
│                                                                          │
│  - plugins.entries.feishu: plugin feishu: duplicate plugin id detected;  │
│    later plugin may be overridden                                        │
│    (/Users/liwang/.openclaw/extensions/feishu/index.ts)                  │
│                                                                          │
├──────────────────────────────────────────────────────────────────────────╯
[plugins] feishu_doc: Registered feishu_doc, feishu_app_scopes
[plugins] feishu_chat: Registered feishu_chat tool
[plugins] feishu_wiki: Registered feishu_wiki tool
[plugins] feishu_drive: Registered feishu_drive tool
[plugins] feishu_bitable: Registered bitable tools
Config warnings:\n- plugins.entries.feishu: plugin feishu: duplicate plugin id detected; later plugin may be overridden (/Users/liwang/.openclaw/extensions/feishu/index.ts)
[plugins] feishu_doc: Registered feishu_doc, feishu_app_scopes
[plugins] feishu_chat: Registered feishu_chat tool
[plugins] feishu_wiki: Registered feishu_wiki tool
[plugins] feishu_drive: Registered feishu_drive tool
[plugins] feishu_bitable: Registered bitable tools
[info]: [ 'client ready' ]
✅ Sent via Feishu. Message ID: om_x100b54aa1ee908a4c450a1ca0e1fd25 (chat ou_7781abd1e83eae23ccf01fe627f0747f)
✅ 飞书发送完成！
⏳ 等待 3 分钟后生成合并音频...
✅ 爆款日报任务完成 - 2026-03-18 07:34:26
🔥 生成终极优化版日报 - 2026-03-19
📰 抓取虎嗅...
📰 抓取 36 氪...
📺 抓取 B 站...
📕 抓取小红书...
📱 抓取 Reddit...
🐙 抓取 GitHub...
✅ 报告已生成：reports/daily-hot/hot-report-ultimate-2026-03-19.md
📤 发送到飞书...
Config warnings:\n- plugins.entries.feishu: plugin feishu: duplicate plugin id detected; later plugin may be overridden (/Users/liwang/.openclaw/extensions/feishu/index.ts)
│
◇  Config warnings ────────────────────────────────────────────────────────╮
│                                                                          │
│  - plugins.entries.feishu: plugin feishu: duplicate plugin id detected;  │
│    later plugin may be overridden                                        │
│    (/Users/liwang/.openclaw/extensions/feishu/index.ts)                  │
│                                                                          │
├──────────────────────────────────────────────────────────────────────────╯
[plugins] feishu_doc: Registered feishu_doc, feishu_app_scopes
[plugins] feishu_chat: Registered feishu_chat tool
[plugins] feishu_wiki: Registered feishu_wiki tool
[plugins] feishu_drive: Registered feishu_drive tool
[plugins] feishu_bitable: Registered bitable tools
Config warnings:\n- plugins.entries.feishu: plugin feishu: duplicate plugin id detected; later plugin may be overridden (/Users/liwang/.openclaw/extensions/feishu/index.ts)
[plugins] feishu_doc: Registered feishu_doc, feishu_app_scopes
[plugins] feishu_chat: Registered feishu_chat tool
[plugins] feishu_wiki: Registered feishu_wiki tool
[plugins] feishu_drive: Registered feishu_drive tool
[plugins] feishu_bitable: Registered bitable tools
[info]: [ 'client ready' ]
✅ Sent via Feishu. Message ID: om_x100b5498aa4114a4c315f8cc396027d (chat ou_7781abd1e83eae23ccf01fe627f0747f)
✅ 飞书发送完成！
✅ 爆款日报任务完成 - 2026-03-19 00:09:45
💡 合并音频将由独立 cron 任务在 7:35 生成
========================================
🔥 生成终极优化版日报 - 2026-03-19
超时设置：300 秒
📰 抓取虎嗅...
========================================
超时设置：300 秒
📰 抓取 36 氪...
📺 抓取 B 站...
📕 抓取小红书...
📱 抓取 Reddit...
🐙 抓取 GitHub...
✅ 报告已生成：reports/daily-hot/hot-report-ultimate-2026-03-19.md
📤 发送到飞书...
Config warnings:\n- plugins.entries.feishu: plugin feishu: duplicate plugin id detected; later plugin may be overridden (/Users/liwang/.openclaw/extensions/feishu/index.ts)
│
◇  Config warnings ────────────────────────────────────────────────────────╮
│                                                                          │
│  - plugins.entries.feishu: plugin feishu: duplicate plugin id detected;  │
│    later plugin may be overridden                                        │
│    (/Users/liwang/.openclaw/extensions/feishu/index.ts)                  │
│                                                                          │
├──────────────────────────────────────────────────────────────────────────╯
[plugins] feishu_doc: Registered feishu_doc, feishu_app_scopes
[plugins] feishu_chat: Registered feishu_chat tool
[plugins] feishu_wiki: Registered feishu_wiki tool
[plugins] feishu_drive: Registered feishu_drive tool
[plugins] feishu_bitable: Registered bitable tools
Config warnings:\n- plugins.entries.feishu: plugin feishu: duplicate plugin id detected; later plugin may be overridden (/Users/liwang/.openclaw/extensions/feishu/index.ts)
[plugins] feishu_doc: Registered feishu_doc, feishu_app_scopes
[plugins] feishu_chat: Registered feishu_chat tool
[plugins] feishu_wiki: Registered feishu_wiki tool
[plugins] feishu_drive: Registered feishu_drive tool
[plugins] feishu_bitable: Registered bitable tools
[info]: [ 'client ready' ]
✅ Sent via Feishu. Message ID: om_x100b54872a2e4ca4c10ffd03045ecb1 (chat ou_7781abd1e83eae23ccf01fe627f0747f)
✅ 飞书发送完成！
✅ 爆款日报任务完成 - 2026-03-19 07:33:34
💡 合并音频将由独立 cron 任务在 7:35 生成
[2026-03-19 07:33:34] 清理临时资源...
[2026-03-19 07:33:34] ✅ 爆款日报任务完成
