[2026-03-12 20:19:31] === OpenClaw GitHub 备份开始 ===
[2026-03-12 20:19:31] 检查 Git 状态...
[2026-03-12 20:19:31] ✅ Git 仓库检查通过
[2026-03-12 20:19:31] 创建备份目录...
[2026-03-12 20:20:27] === OpenClaw GitHub 备份开始 ===
[2026-03-12 20:20:27] 检查 Git 状态...
[2026-03-12 20:20:27] ✅ Git 仓库检查通过
[2026-03-12 20:20:27] 创建备份目录...
[2026-03-12 20:20:42] === OpenClaw GitHub 备份开始 ===
[2026-03-12 20:20:42] 检查 Git 状态...
[2026-03-12 20:20:42] ✅ Git 仓库检查通过
[2026-03-12 20:20:42] 创建备份目录...
[2026-03-12 20:20:51] === OpenClaw GitHub 备份开始 ===
[2026-03-12 20:20:51] 检查 Git 状态...
[2026-03-12 20:20:51] ✅ Git 仓库检查通过
[2026-03-12 20:20:51] 创建备份目录...
[2026-03-12 20:21:42] === OpenClaw GitHub 备份开始 ===
[2026-03-12 20:21:42] 检查 Git 状态...
[2026-03-12 20:21:42] ✅ Git 仓库检查通过
[2026-03-12 20:21:42] 创建备份目录...
[2026-03-12 20:21:47] === OpenClaw GitHub 备份开始 ===
[2026-03-12 20:21:47] 检查 Git 状态...
[2026-03-12 20:21:47] ✅ Git 仓库检查通过
[2026-03-12 20:21:47] 创建备份目录...
[2026-03-12 20:21:58] === OpenClaw GitHub 备份开始 ===
[2026-03-12 20:21:58] 检查 Git 状态...
[2026-03-12 20:21:58] ✅ Git 仓库检查通过
[2026-03-12 20:21:58] 创建备份目录...
[2026-03-12 20:22:38] === OpenClaw GitHub 备份开始 ===
[2026-03-12 20:22:38] 检查 Git 状态...
[2026-03-12 20:22:38] ✅ Git 仓库检查通过
[2026-03-12 20:22:38] 创建备份目录...
[2026-03-12 20:22:38] 当前分支：main（新仓库）（仓库还没有提交）
[2026-03-12 20:22:38] 扫描工作区文件...
[2026-03-12 20:22:39] 发现 23978 个文件需要备份
[2026-03-12 20:22:39] ⚠️ 警告：仓库还没有提交，无法检查未提交文件
[2026-03-12 20:22:39] 远程仓库：未配置
[2026-03-12 20:22:39] ⚠️ 警告：仓库还没有任何提交
[2026-03-12 20:22:39] 检查是否需要推送...
[2026-03-12 20:22:39] ⚠️ 警告：仓库还没有提交，需要先手动提交并推送
[2026-03-12 20:22:39] 验证文件完整性...
[2026-03-12 20:22:39] 验证报告已保存：/Users/liwang/.openclaw/workspace/.backup/verification-20260312_202238.txt
[2026-03-12 20:22:39] 备份摘要已保存：/Users/liwang/.openclaw/workspace/.backup/summary-20260312_202238.md
[2026-03-12 20:22:39] 发送备份通知...
[2026-03-12 20:22:49] === OpenClaw GitHub 备份完成 ===
[2026-03-12 20:22:49] 备份摘要：/Users/liwang/.openclaw/workspace/.backup/summary-20260312_202238.md
[2026-03-12 20:22:49] 清理旧备份...
[2026-03-12 20:22:49] ✅ 旧备份已清理（保留最近 10 次）
[2026-03-16 02:00:24] === OpenClaw GitHub 备份开始 ===
[2026-03-16 02:00:24] 检查 Git 状态...
[2026-03-16 02:00:25] ✅ Git 仓库检查通过
[2026-03-16 02:00:25] 创建备份目录...
[2026-03-16 02:00:25] 当前分支：main
[2026-03-16 02:00:25] 扫描工作区文件...
[2026-03-16 02:00:25] 发现 30855 个文件需要备份
[2026-03-16 02:00:25] ⚠️ 警告：有 214 个未提交的文件
[2026-03-16 02:00:25] 未提交文件列表：
[2026-03-16 02:00:25] 远程仓库：https://github.com/liwa5001/OpenClaw-Archive.git
[2026-03-16 02:00:25] 最新提交：5209b694 - Li Wang - 3 days ago : merge: 合并远程仓库 + Castle Six 系统
[2026-03-16 02:00:25] 检查是否需要推送...
[2026-03-16 02:00:27] ⚠️ 警告：没有配置上游分支，跳过推送
[2026-03-16 02:00:27] 验证文件完整性...
[2026-03-16 02:00:27] 验证报告已保存：/Users/liwang/.openclaw/workspace/.backup/verification-20260316_020025.txt
[2026-03-16 02:00:27] 备份摘要已保存：/Users/liwang/.openclaw/workspace/.backup/summary-20260316_020025.md
[2026-03-16 02:00:27] 发送备份通知...
[2026-03-16 02:00:32] === OpenClaw GitHub 备份完成 ===
[2026-03-16 02:00:32] 备份摘要：/Users/liwang/.openclaw/workspace/.backup/summary-20260316_020025.md
[2026-03-16 02:00:32] 清理旧备份...
[2026-03-16 02:00:32] ✅ 旧备份已清理（保留最近 10 次）
