[2026-03-12 16:21:49] === 成长堡每日学习计划发送开始 ===
[2026-03-12 16:21:49] 发送学习计划到飞书...
[2026-03-12 16:21:57] ✅ 成长堡学习计划已发送
[2026-03-12 16:21:57] === 成长堡学习计划发送完成 ===
[2026-03-12 16:41:11] === 成长堡每日学习计划发送开始 ===
[2026-03-12 16:41:11] 成长堡服务器已运行
[2026-03-12 16:41:11] 考题服务器已运行
[2026-03-12 16:41:11] 发送成长堡学习计划...
[2026-03-12 16:41:18] ✅ 成长堡学习计划已发送
[2026-03-12 16:41:18] === 成长堡每日学习计划发送完成 ===
[2026-03-12 16:55:02] === 成长堡每日学习计划发送开始 ===
[2026-03-12 16:55:02] 成长堡服务器已运行
[2026-03-12 16:55:02] 考题服务器已运行
[2026-03-12 16:55:02] 发送成长堡学习计划...
[2026-03-12 16:55:09] ✅ 成长堡学习计划已发送
[2026-03-12 16:55:09] === 成长堡每日学习计划发送完成 ===
[2026-03-12 20:02:28] === 成长堡每日学习计划发送开始 ===
[2026-03-12 20:02:28] 启动成长堡服务器...
[2026-03-12 20:02:31] ✅ 成长堡服务器已启动
[2026-03-12 20:02:31] 启动考题服务器...
[2026-03-12 20:02:33] ✅ 考题服务器已启动
[2026-03-12 20:02:33] 发送成长堡学习计划...
[2026-03-12 20:02:40] ✅ 成长堡学习计划已发送
[2026-03-12 20:02:40] === 成长堡每日学习计划发送完成 ===
[2026-03-13 08:07:16] === 成长堡每日学习计划发送开始 ===
[2026-03-13 08:07:16] 成长堡服务器已运行
[2026-03-13 08:07:16] 启动考题服务器...
[2026-03-13 08:07:18] ✅ 考题服务器已启动
[2026-03-13 08:07:18] 发送成长堡学习计划...
[2026-03-13 08:07:26] ✅ 成长堡学习计划已发送
[2026-03-13 08:07:26] === 成长堡每日学习计划发送完成 ===
[2026-03-14 08:06:44] === 成长堡每日学习计划发送开始 ===
[2026-03-14 08:06:45] 成长堡服务器已运行
[2026-03-14 08:06:45] 启动考题服务器...
[2026-03-14 08:06:47] ✅ 考题服务器已启动
[2026-03-14 08:06:47] 发送成长堡学习计划...
[2026-03-14 08:06:50] ✅ 成长堡学习计划已发送
[2026-03-14 08:06:50] === 成长堡每日学习计划发送完成 ===
[2026-03-15 08:02:14] === 成长堡每日学习计划发送开始 ===
[2026-03-15 08:02:15] 成长堡服务器已运行
[2026-03-15 08:02:15] 考题服务器已运行
[2026-03-15 08:02:15] 发送成长堡学习计划...
[2026-03-15 08:02:17] ✅ 成长堡学习计划已发送
[2026-03-15 08:02:17] === 成长堡每日学习计划发送完成 ===
[2026-03-15 08:07:40] === 成长堡每日学习计划发送开始 ===
[2026-03-15 08:07:41] 成长堡服务器已运行
[2026-03-15 08:07:41] 考题服务器已运行
[2026-03-15 08:07:41] 发送成长堡学习计划...
[2026-03-15 08:07:46] ✅ 成长堡学习计划已发送
[2026-03-15 08:07:46] === 成长堡每日学习计划发送完成 ===
[2026-03-16 11:15:17] === 成长堡每日学习计划发送开始 ===
[2026-03-16 11:15:17] 成长堡服务器已运行
[2026-03-16 11:15:17] 启动考题服务器...
[2026-03-16 11:15:19] ✅ 考题服务器已启动
[2026-03-16 11:15:19] 发送成长堡学习计划...
[2026-03-16 11:15:25] ✅ 成长堡学习计划已发送 (飞书)
[2026-03-16 11:17:00] === 成长堡每日学习计划发送开始 ===
[2026-03-16 11:17:00] 成长堡服务器已运行
[2026-03-16 11:17:00] 考题服务器已运行
[2026-03-16 11:17:03] ✅ 成长堡学习计划已发送 (飞书)
