[2026-03-12 16:40:39] === 健康堡每日问卷发送开始 ===
[2026-03-12 16:40:39] 健康堡服务器已运行
[2026-03-12 16:40:39] 发送健康堡问卷...
[2026-03-12 16:40:48] ✅ 健康堡问卷已发送
[2026-03-12 16:40:48] === 健康堡每日问卷发送完成 ===
[2026-03-14 08:00:05] === 健康堡每日问卷发送开始 ===
[2026-03-14 08:00:05] 🔄 同步 Strava 数据...
[2026-03-14 08:00:05] === Strava 数据同步开始 ===
[2026-03-14 08:00:05] ✅ Token 已就绪
[2026-03-14 08:00:05] 📊 获取 Strava 运动数据...
[2026-03-14 08:00:07] ✅ 成功获取 30 条运动记录
[2026-03-14 08:00:07] 📁 数据已保存：data/strava/latest-activities.json
🏃 最新活动: 午后行走
   日期: 2026-03-13 13:00
   类型: Walk
   距离: 1.59km
   时长: 25分钟
[2026-03-14 08:00:07] === Strava 数据同步完成 ===
[2026-03-14 08:00:07] 健康堡服务器已运行
[2026-03-14 08:00:07] 发送健康堡问卷...
[2026-03-14 08:00:10] ✅ 健康堡问卷已发送
[2026-03-14 08:00:10] === 健康堡每日问卷发送完成 ===
[2026-03-15 08:00:50] === 健康堡每日问卷发送开始 ===
[2026-03-15 08:00:50] 🔄 同步 Strava 数据...
[2026-03-15 08:00:50] === Strava 数据同步开始 ===
[2026-03-15 08:00:51] ✅ Token 已就绪
[2026-03-15 08:00:51] 📊 获取 Strava 运动数据...
[2026-03-15 08:00:53] ✅ 成功获取 30 条运动记录
[2026-03-15 08:00:53] 📁 数据已保存：data/strava/latest-activities.json
🏃 最新活动: 午后行走
   日期: 2026-03-13 13:00
   类型: Walk
   距离: 1.59km
   时长: 25分钟
[2026-03-15 08:00:53] === Strava 数据同步完成 ===
[2026-03-15 08:00:53] 健康堡服务器已运行
[2026-03-15 08:00:53] 发送健康堡问卷...
[2026-03-15 08:00:56] ✅ 健康堡问卷已发送
[2026-03-15 08:00:56] === 健康堡每日问卷发送完成 ===
[2026-03-17 08:00:27] === 健康堡每日问卷发送开始 ===
[2026-03-17 08:00:27] 🔄 同步 Strava 数据...
[2026-03-17 08:00:27] === Strava 数据同步开始 ===
[2026-03-17 08:00:28] ✅ Token 已就绪
[2026-03-17 08:00:28] 📊 获取 Strava 运动数据...
[2026-03-17 08:00:30] ✅ 成功获取 30 条运动记录
[2026-03-17 08:00:30] 📁 数据已保存：data/strava/latest-activities.json
🏃 最新活动: Zwift - Peaky Pavé in France
   日期: 2026-03-16 21:10
   类型: VirtualRide
   距离: 30.77km
   时长: 74分钟
[2026-03-17 08:00:30] === Strava 数据同步完成 ===
[2026-03-17 08:00:30] 启动健康堡服务器...
[2026-03-17 08:00:32] ✅ 健康堡服务器已启动
[2026-03-17 08:00:32] 发送健康堡问卷...
[2026-03-17 08:00:37] ✅ 健康堡问卷已发送
[2026-03-17 08:00:37] === 健康堡每日问卷发送完成 ===
[2026-03-18 08:00:07] === 健康堡每日问卷发送开始 ===
[2026-03-18 08:00:07] 🔄 同步 Strava 数据...
[2026-03-18 08:00:07] === Strava 数据同步开始 ===
[2026-03-18 08:00:07] ✅ Token 已就绪
[2026-03-18 08:00:07] 📊 获取 Strava 运动数据...
[2026-03-18 08:00:09] ✅ 成功获取 30 条运动记录
[2026-03-18 08:00:09] 📁 数据已保存：data/strava/latest-activities.json
🏃 最新活动: Zwift - Cobbled Crown in Richmond
   日期: 2026-03-17 20:53
   类型: VirtualRide
   距离: 24.43km
   时长: 54分钟
[2026-03-18 08:00:09] === Strava 数据同步完成 ===
[2026-03-18 08:00:09] 启动健康堡服务器...
[2026-03-18 08:00:11] ✅ 健康堡服务器已启动
[2026-03-18 08:00:11] 发送健康堡问卷...
[2026-03-18 08:00:14] ✅ 健康堡问卷已发送
[2026-03-18 08:00:14] === 健康堡每日问卷发送完成 ===
[2026-03-19 08:00:09] === 健康堡每日问卷发送开始 ===
[2026-03-19 08:00:09] 🔄 同步 Strava 数据...
[2026-03-19 08:00:09] ========================================
[2026-03-19 08:00:09] === Strava 数据同步开始 (超时：60秒) ===
[2026-03-19 08:00:09] ✅ Token 已就绪
[2026-03-19 08:00:09] 📊 获取 Strava 运动数据...
[2026-03-19 08:00:11] ✅ 成功获取 30 条运动记录
[2026-03-19 08:00:11] 📁 数据已保存：data/strava/latest-activities.json
🏃 最新活动: Zwift - Cobbled Crown in Richmond
   日期: 2026-03-17 20:53
   类型: VirtualRide
   距离: 24.43km
   时长: 54分钟
[2026-03-19 08:00:11] === Strava 数据同步完成 ===
[2026-03-19 08:00:11] 清理临时资源...
[2026-03-19 08:00:11] ✅ Strava 同步完成
[2026-03-19 08:00:11] 启动健康堡服务器...
[2026-03-19 08:00:13] ✅ 健康堡服务器已启动
[2026-03-19 08:00:13] 发送健康堡问卷...
[2026-03-19 08:00:17] ✅ 健康堡问卷已发送
[2026-03-19 08:00:17] === 健康堡每日问卷发送完成 ===
