t=2026-03-12T19:19:36+0800 lvl=info msg="no configuration paths supplied"
t=2026-03-12T19:19:36+0800 lvl=info msg="ignoring default config path" path=/Users/liwang/.config/ngrok/ngrok.yml err="stat /Users/liwang/.config/ngrok/ngrok.yml: no such file or directory"
t=2026-03-12T19:19:36+0800 lvl=info msg="FIPS 140 mode" enabled=false
t=2026-03-12T19:19:36+0800 lvl=eror msg="unable to check host info" obj=tunnels.session err="getting host ID: exec: \"ioreg\": executable file not found in $PATH"
t=2026-03-12T19:19:36+0800 lvl=eror msg="unable to check ComputerName" obj=tunnels.session err="exec: \"scutil\": executable file not found in $PATH"
t=2026-03-12T19:19:36+0800 lvl=info msg="starting web service" obj=web addr=127.0.0.1:4040 allow_hosts=[]
t=2026-03-12T19:19:36+0800 lvl=info msg="update available" obj=updater
t=2026-03-12T19:19:37+0800 lvl=eror msg="failed to reconnect session" obj=tunnels.session err="authentication failed: Usage of ngrok requires a verified account and authtoken.\n\nSign up for an account: https://dashboard.ngrok.com/signup\nInstall your authtoken: https://dashboard.ngrok.com/get-started/your-authtoken\r\n\r\nERR_NGROK_4018\r\n"
t=2026-03-12T19:19:37+0800 lvl=eror msg="session closing" obj=tunnels.session err="authentication failed: Usage of ngrok requires a verified account and authtoken.\n\nSign up for an account: https://dashboard.ngrok.com/signup\nInstall your authtoken: https://dashboard.ngrok.com/get-started/your-authtoken\r\n\r\nERR_NGROK_4018\r\n"
t=2026-03-12T19:19:37+0800 lvl=info msg="received stop request" obj=app stopReq="{err:{Remote:true Inner:{Inner:0x14000598340}} restart:false}"
t=2026-03-12T19:19:37+0800 lvl=eror msg="terminating with error" obj=app err="authentication failed: Usage of ngrok requires a verified account and authtoken.\n\nSign up for an account: https://dashboard.ngrok.com/signup\nInstall your authtoken: https://dashboard.ngrok.com/get-started/your-authtoken\r\n\r\nERR_NGROK_4018\r\n"
t=2026-03-12T19:19:37+0800 lvl=crit msg="command failed" err="authentication failed: Usage of ngrok requires a verified account and authtoken.\n\nSign up for an account: https://dashboard.ngrok.com/signup\nInstall your authtoken: https://dashboard.ngrok.com/get-started/your-authtoken\r\n\r\nERR_NGROK_4018\r\n"
t=2026-03-12T19:19:37+0800 lvl=info msg="no more state changes" obj=tunnels.session
ERROR:  authentication failed: Usage of ngrok requires a verified account and authtoken.
ERROR:  
ERROR:  Sign up for an account: https://dashboard.ngrok.com/signup
ERROR:  Install your authtoken: https://dashboard.ngrok.com/get-started/your-authtoken
ERROR:  
ERROR:  ERR_NGROK_4018
ERROR:  https://ngrok.com/docs/errors/err_ngrok_4018
ERROR:  
t=2026-03-12T19:20:55+0800 lvl=info msg="no configuration paths supplied"
t=2026-03-12T19:20:55+0800 lvl=info msg="ignoring default config path" path=/Users/liwang/.config/ngrok/ngrok.yml err="stat /Users/liwang/.config/ngrok/ngrok.yml: no such file or directory"
t=2026-03-12T19:20:55+0800 lvl=info msg="FIPS 140 mode" enabled=false
t=2026-03-12T19:20:55+0800 lvl=eror msg="unable to check host info" obj=tunnels.session err="getting host ID: exec: \"ioreg\": executable file not found in $PATH"
t=2026-03-12T19:20:55+0800 lvl=eror msg="unable to check ComputerName" obj=tunnels.session err="exec: \"scutil\": executable file not found in $PATH"
t=2026-03-12T19:20:55+0800 lvl=info msg="starting web service" obj=web addr=127.0.0.1:4040 allow_hosts=[]
t=2026-03-12T19:20:56+0800 lvl=info msg="update available" obj=updater
t=2026-03-12T19:20:56+0800 lvl=eror msg="failed to reconnect session" obj=tunnels.session err="authentication failed: Usage of ngrok requires a verified account and authtoken.\n\nSign up for an account: https://dashboard.ngrok.com/signup\nInstall your authtoken: https://dashboard.ngrok.com/get-started/your-authtoken\r\n\r\nERR_NGROK_4018\r\n"
t=2026-03-12T19:20:56+0800 lvl=eror msg="session closing" obj=tunnels.session err="authentication failed: Usage of ngrok requires a verified account and authtoken.\n\nSign up for an account: https://dashboard.ngrok.com/signup\nInstall your authtoken: https://dashboard.ngrok.com/get-started/your-authtoken\r\n\r\nERR_NGROK_4018\r\n"
t=2026-03-12T19:20:56+0800 lvl=info msg="received stop request" obj=app stopReq="{err:{Remote:true Inner:{Inner:0x1400080c580}} restart:false}"
t=2026-03-12T19:20:56+0800 lvl=eror msg="terminating with error" obj=app err="authentication failed: Usage of ngrok requires a verified account and authtoken.\n\nSign up for an account: https://dashboard.ngrok.com/signup\nInstall your authtoken: https://dashboard.ngrok.com/get-started/your-authtoken\r\n\r\nERR_NGROK_4018\r\n"
t=2026-03-12T19:20:56+0800 lvl=crit msg="command failed" err="authentication failed: Usage of ngrok requires a verified account and authtoken.\n\nSign up for an account: https://dashboard.ngrok.com/signup\nInstall your authtoken: https://dashboard.ngrok.com/get-started/your-authtoken\r\n\r\nERR_NGROK_4018\r\n"
