[2026-03-13 18:31:45] === Strava 数据同步开始 ===
[2026-03-13 18:31:46] ✅ Token 已就绪
[2026-03-13 18:31:46] 📊 获取 Strava 运动数据...
[2026-03-13 18:31:50] ✅ 成功获取 30 条运动记录
[2026-03-13 18:31:50] 📁 数据已保存：data/strava/latest-activities.json
[2026-03-13 18:31:50] === Strava 数据同步完成 ===
[2026-03-13 19:01:26] === Strava 数据同步开始 ===
[2026-03-13 19:01:26] ✅ Token 已就绪
[2026-03-13 19:01:26] 📊 获取 Strava 运动数据...
[2026-03-13 19:01:28] ✅ 成功获取 30 条运动记录
[2026-03-13 19:01:28] 📁 数据已保存：data/strava/latest-activities.json
[2026-03-13 19:01:28] === Strava 数据同步完成 ===
[2026-03-13 20:01:34] === Strava 数据同步开始 ===
[2026-03-13 20:01:34] ✅ Token 已就绪
[2026-03-13 20:01:34] 📊 获取 Strava 运动数据...
[2026-03-13 20:01:37] ✅ 成功获取 30 条运动记录
[2026-03-13 20:01:37] 📁 数据已保存：data/strava/latest-activities.json
[2026-03-13 20:01:37] === Strava 数据同步完成 ===
[2026-03-13 21:04:18] === Strava 数据同步开始 ===
[2026-03-13 21:04:19] ✅ Token 已就绪
[2026-03-13 21:04:19] 📊 获取 Strava 运动数据...
[2026-03-13 21:04:21] ✅ 成功获取 30 条运动记录
[2026-03-13 21:04:21] 📁 数据已保存：data/strava/latest-activities.json
[2026-03-13 21:04:21] === Strava 数据同步完成 ===
[2026-03-13 22:01:25] === Strava 数据同步开始 ===
[2026-03-13 22:01:26] ✅ Token 已就绪
[2026-03-13 22:01:26] 📊 获取 Strava 运动数据...
[2026-03-13 22:01:30] ✅ 成功获取 30 条运动记录
[2026-03-13 22:01:30] 📁 数据已保存：data/strava/latest-activities.json
[2026-03-13 22:01:31] === Strava 数据同步完成 ===
[2026-03-13 23:03:11] === Strava 数据同步开始 ===
[2026-03-13 23:03:12] ✅ Token 已就绪
[2026-03-13 23:03:12] 📊 获取 Strava 运动数据...
[2026-03-13 23:03:15] ✅ 成功获取 30 条运动记录
[2026-03-13 23:03:15] 📁 数据已保存：data/strava/latest-activities.json
[2026-03-13 23:03:15] === Strava 数据同步完成 ===
[2026-03-14 00:03:31] === Strava 数据同步开始 ===
[2026-03-14 00:03:31] ✅ Token 已就绪
[2026-03-14 00:03:31] 📊 获取 Strava 运动数据...
[2026-03-14 00:03:34] ✅ 成功获取 30 条运动记录
[2026-03-14 00:03:34] 📁 数据已保存：data/strava/latest-activities.json
[2026-03-14 00:03:34] === Strava 数据同步完成 ===
[2026-03-14 01:04:13] === Strava 数据同步开始 ===
[2026-03-14 01:04:14] ✅ Token 已就绪
[2026-03-14 01:04:14] 📊 获取 Strava 运动数据...
[2026-03-14 01:04:16] ✅ 成功获取 30 条运动记录
[2026-03-14 01:04:16] 📁 数据已保存：data/strava/latest-activities.json
[2026-03-14 01:04:16] === Strava 数据同步完成 ===
[2026-03-14 02:04:29] === Strava 数据同步开始 ===
[2026-03-14 02:04:29] ✅ Token 已就绪
[2026-03-14 02:04:29] 📊 获取 Strava 运动数据...
[2026-03-14 02:04:31] ✅ 成功获取 30 条运动记录
[2026-03-14 02:04:31] 📁 数据已保存：data/strava/latest-activities.json
[2026-03-14 02:04:32] === Strava 数据同步完成 ===
[2026-03-14 03:05:16] === Strava 数据同步开始 ===
[2026-03-14 03:05:16] ✅ Token 已就绪
[2026-03-14 03:05:16] 📊 获取 Strava 运动数据...
[2026-03-14 03:05:18] ✅ 成功获取 30 条运动记录
[2026-03-14 03:05:18] 📁 数据已保存：data/strava/latest-activities.json
[2026-03-14 03:05:18] === Strava 数据同步完成 ===
[2026-03-14 04:05:34] === Strava 数据同步开始 ===
[2026-03-14 04:05:35] ✅ Token 已就绪
[2026-03-14 04:05:35] 📊 获取 Strava 运动数据...
[2026-03-14 04:05:40] ✅ 成功获取 30 条运动记录
[2026-03-14 04:05:40] 📁 数据已保存：data/strava/latest-activities.json
[2026-03-14 04:05:40] === Strava 数据同步完成 ===
[2026-03-14 04:05:54] === Strava 数据同步开始 ===
[2026-03-14 04:05:54] ✅ Token 已就绪
[2026-03-14 04:05:54] 📊 获取 Strava 运动数据...
[2026-03-14 04:05:58] ✅ 成功获取 30 条运动记录
[2026-03-14 04:05:58] 📁 数据已保存：data/strava/latest-activities.json
[2026-03-14 04:05:58] === Strava 数据同步完成 ===
[2026-03-14 05:06:16] === Strava 数据同步开始 ===
[2026-03-14 05:06:16] ✅ Token 已就绪
[2026-03-14 05:06:16] 📊 获取 Strava 运动数据...
[2026-03-14 05:06:18] ✅ 成功获取 30 条运动记录
[2026-03-14 05:06:18] 📁 数据已保存：data/strava/latest-activities.json
[2026-03-14 05:06:18] === Strava 数据同步完成 ===
[2026-03-14 06:06:35] === Strava 数据同步开始 ===
[2026-03-14 06:06:35] ✅ Token 已就绪
[2026-03-14 06:06:35] 📊 获取 Strava 运动数据...
[2026-03-14 06:06:37] ✅ 成功获取 30 条运动记录
[2026-03-14 06:06:37] 📁 数据已保存：data/strava/latest-activities.json
[2026-03-14 06:06:37] === Strava 数据同步完成 ===
[2026-03-14 07:06:47] === Strava 数据同步开始 ===
[2026-03-14 07:06:48] ✅ Token 已就绪
[2026-03-14 07:06:48] 📊 获取 Strava 运动数据...
[2026-03-14 07:06:50] ✅ 成功获取 30 条运动记录
[2026-03-14 07:06:50] 📁 数据已保存：data/strava/latest-activities.json
[2026-03-14 07:06:50] === Strava 数据同步完成 ===
[2026-03-14 08:00:05] === Strava 数据同步开始 ===
[2026-03-14 08:00:05] ✅ Token 已就绪
[2026-03-14 08:00:05] 📊 获取 Strava 运动数据...
[2026-03-14 08:00:07] ✅ 成功获取 30 条运动记录
[2026-03-14 08:00:07] 📁 数据已保存：data/strava/latest-activities.json
[2026-03-14 08:00:07] === Strava 数据同步完成 ===
[2026-03-14 08:08:12] === Strava 数据同步开始 ===
[2026-03-14 08:08:12] ✅ Token 已就绪
[2026-03-14 08:08:12] 📊 获取 Strava 运动数据...
[2026-03-14 08:08:14] ✅ 成功获取 30 条运动记录
[2026-03-14 08:08:14] 📁 数据已保存：data/strava/latest-activities.json
[2026-03-14 08:08:14] === Strava 数据同步完成 ===
[2026-03-14 09:08:21] === Strava 数据同步开始 ===
[2026-03-14 09:08:21] ✅ Token 已就绪
[2026-03-14 09:08:21] 📊 获取 Strava 运动数据...
[2026-03-14 09:08:23] ✅ 成功获取 30 条运动记录
[2026-03-14 09:08:23] 📁 数据已保存：data/strava/latest-activities.json
[2026-03-14 09:08:23] === Strava 数据同步完成 ===
[2026-03-14 10:08:44] === Strava 数据同步开始 ===
[2026-03-14 10:08:44] ✅ Token 已就绪
[2026-03-14 10:08:44] 📊 获取 Strava 运动数据...
[2026-03-14 10:08:46] ✅ 成功获取 30 条运动记录
[2026-03-14 10:08:46] 📁 数据已保存：data/strava/latest-activities.json
[2026-03-14 10:08:47] === Strava 数据同步完成 ===
[2026-03-14 11:09:23] === Strava 数据同步开始 ===
[2026-03-14 11:09:24] ✅ Token 已就绪
[2026-03-14 11:09:24] 📊 获取 Strava 运动数据...
[2026-03-14 11:09:25] ✅ 成功获取 30 条运动记录
[2026-03-14 11:09:25] 📁 数据已保存：data/strava/latest-activities.json
[2026-03-14 11:09:25] === Strava 数据同步完成 ===
[2026-03-14 12:09:56] === Strava 数据同步开始 ===
[2026-03-14 12:09:56] ✅ Token 已就绪
[2026-03-14 12:09:56] 📊 获取 Strava 运动数据...
[2026-03-14 12:10:00] ✅ 成功获取 30 条运动记录
[2026-03-14 12:10:00] 📁 数据已保存：data/strava/latest-activities.json
[2026-03-14 12:10:01] === Strava 数据同步完成 ===
[2026-03-14 13:10:08] === Strava 数据同步开始 ===
[2026-03-14 13:10:09] ✅ Token 已就绪
[2026-03-14 13:10:09] 📊 获取 Strava 运动数据...
[2026-03-14 13:10:11] ✅ 成功获取 30 条运动记录
[2026-03-14 13:10:11] 📁 数据已保存：data/strava/latest-activities.json
[2026-03-14 13:10:11] === Strava 数据同步完成 ===
[2026-03-14 14:00:34] === Strava 数据同步开始 ===
[2026-03-14 14:00:34] ✅ Token 已就绪
[2026-03-14 14:00:34] 📊 获取 Strava 运动数据...
[2026-03-14 14:00:38] ✅ 成功获取 30 条运动记录
[2026-03-14 14:00:38] 📁 数据已保存：data/strava/latest-activities.json
[2026-03-14 14:00:38] === Strava 数据同步完成 ===
[2026-03-14 15:01:04] === Strava 数据同步开始 ===
[2026-03-14 15:01:04] ✅ Token 已就绪
[2026-03-14 15:01:04] 📊 获取 Strava 运动数据...
[2026-03-14 15:01:07] ✅ 成功获取 30 条运动记录
[2026-03-14 15:01:07] 📁 数据已保存：data/strava/latest-activities.json
[2026-03-14 15:01:07] === Strava 数据同步完成 ===
[2026-03-14 16:02:18] === Strava 数据同步开始 ===
[2026-03-14 16:02:18] ✅ Token 已就绪
[2026-03-14 16:02:18] 📊 获取 Strava 运动数据...
[2026-03-14 16:02:23] ✅ 成功获取 30 条运动记录
[2026-03-14 16:02:23] 📁 数据已保存：data/strava/latest-activities.json
[2026-03-14 16:02:23] === Strava 数据同步完成 ===
[2026-03-14 16:12:49] === Strava 数据同步开始 ===
[2026-03-14 16:12:49] ✅ Token 已就绪
[2026-03-14 16:12:49] 📊 获取 Strava 运动数据...
[2026-03-14 16:12:51] ✅ 成功获取 30 条运动记录
[2026-03-14 16:12:51] 📁 数据已保存：data/strava/latest-activities.json
[2026-03-14 16:12:51] === Strava 数据同步完成 ===
[2026-03-14 17:02:49] === Strava 数据同步开始 ===
[2026-03-14 17:02:49] ✅ Token 已就绪
[2026-03-14 17:02:49] 📊 获取 Strava 运动数据...
[2026-03-14 17:02:53] ✅ 成功获取 30 条运动记录
[2026-03-14 17:02:53] 📁 数据已保存：data/strava/latest-activities.json
[2026-03-14 17:02:53] === Strava 数据同步完成 ===
[2026-03-14 18:01:30] === Strava 数据同步开始 ===
[2026-03-14 18:01:30] ✅ Token 已就绪
[2026-03-14 18:01:30] 📊 获取 Strava 运动数据...
[2026-03-14 18:01:32] ✅ 成功获取 30 条运动记录
[2026-03-14 18:01:32] 📁 数据已保存：data/strava/latest-activities.json
[2026-03-14 18:01:32] === Strava 数据同步完成 ===
[2026-03-14 19:06:26] === Strava 数据同步开始 ===
[2026-03-14 19:06:27] ✅ Token 已就绪
[2026-03-14 19:06:27] 📊 获取 Strava 运动数据...
[2026-03-14 19:06:31] ✅ 成功获取 30 条运动记录
[2026-03-14 19:06:31] 📁 数据已保存：data/strava/latest-activities.json
[2026-03-14 19:06:31] === Strava 数据同步完成 ===
[2026-03-14 20:01:30] === Strava 数据同步开始 ===
[2026-03-14 20:01:30] ✅ Token 已就绪
[2026-03-14 20:01:30] 📊 获取 Strava 运动数据...
[2026-03-14 20:01:33] ✅ 成功获取 30 条运动记录
[2026-03-14 20:01:33] 📁 数据已保存：data/strava/latest-activities.json
[2026-03-14 20:01:33] === Strava 数据同步完成 ===
[2026-03-14 21:02:04] === Strava 数据同步开始 ===
[2026-03-14 21:02:04] ✅ Token 已就绪
[2026-03-14 21:02:04] 📊 获取 Strava 运动数据...
[2026-03-14 21:02:06] ✅ 成功获取 30 条运动记录
[2026-03-14 21:02:06] 📁 数据已保存：data/strava/latest-activities.json
[2026-03-14 21:02:06] === Strava 数据同步完成 ===
[2026-03-14 22:01:28] === Strava 数据同步开始 ===
[2026-03-14 22:01:28] ✅ Token 已就绪
[2026-03-14 22:01:28] 📊 获取 Strava 运动数据...
[2026-03-14 22:01:31] ✅ 成功获取 30 条运动记录
[2026-03-14 22:01:31] 📁 数据已保存：data/strava/latest-activities.json
[2026-03-14 22:01:31] === Strava 数据同步完成 ===
[2026-03-14 23:01:33] === Strava 数据同步开始 ===
[2026-03-14 23:01:34] ✅ Token 已就绪
[2026-03-14 23:01:34] 📊 获取 Strava 运动数据...
[2026-03-14 23:01:38] ✅ 成功获取 30 条运动记录
[2026-03-14 23:01:38] 📁 数据已保存：data/strava/latest-activities.json
[2026-03-14 23:01:38] === Strava 数据同步完成 ===
[2026-03-15 00:01:27] === Strava 数据同步开始 ===
[2026-03-15 00:01:27] ✅ Token 已就绪
[2026-03-15 00:01:27] 📊 获取 Strava 运动数据...
[2026-03-15 00:01:31] ✅ 成功获取 30 条运动记录
[2026-03-15 00:01:31] 📁 数据已保存：data/strava/latest-activities.json
[2026-03-15 00:01:31] === Strava 数据同步完成 ===
[2026-03-15 01:01:22] === Strava 数据同步开始 ===
[2026-03-15 01:01:22] ✅ Token 已就绪
[2026-03-15 01:01:22] 📊 获取 Strava 运动数据...
[2026-03-15 01:01:24] ✅ 成功获取 30 条运动记录
[2026-03-15 01:01:24] 📁 数据已保存：data/strava/latest-activities.json
[2026-03-15 01:01:25] === Strava 数据同步完成 ===
[2026-03-15 02:01:36] === Strava 数据同步开始 ===
[2026-03-15 02:01:37] ✅ Token 已就绪
[2026-03-15 02:01:37] 📊 获取 Strava 运动数据...
[2026-03-15 02:01:39] ✅ 成功获取 30 条运动记录
[2026-03-15 02:01:39] 📁 数据已保存：data/strava/latest-activities.json
[2026-03-15 02:01:39] === Strava 数据同步完成 ===
[2026-03-15 03:01:26] === Strava 数据同步开始 ===
[2026-03-15 03:01:26] ✅ Token 已就绪
[2026-03-15 03:01:26] 📊 获取 Strava 运动数据...
[2026-03-15 03:01:28] ✅ 成功获取 30 条运动记录
[2026-03-15 03:01:28] 📁 数据已保存：data/strava/latest-activities.json
[2026-03-15 03:01:28] === Strava 数据同步完成 ===
[2026-03-15 04:05:16] === Strava 数据同步开始 ===
[2026-03-15 04:05:16] ✅ Token 已就绪
[2026-03-15 04:05:16] 📊 获取 Strava 运动数据...
[2026-03-15 04:05:18] ✅ 成功获取 30 条运动记录
[2026-03-15 04:05:18] 📁 数据已保存：data/strava/latest-activities.json
[2026-03-15 04:05:18] === Strava 数据同步完成 ===
[2026-03-15 05:01:24] === Strava 数据同步开始 ===
[2026-03-15 05:01:24] ✅ Token 已就绪
[2026-03-15 05:01:24] 📊 获取 Strava 运动数据...
[2026-03-15 05:01:26] ✅ 成功获取 30 条运动记录
[2026-03-15 05:01:26] 📁 数据已保存：data/strava/latest-activities.json
[2026-03-15 05:01:26] === Strava 数据同步完成 ===
[2026-03-15 06:01:21] === Strava 数据同步开始 ===
[2026-03-15 06:01:21] ✅ Token 已就绪
[2026-03-15 06:01:21] 📊 获取 Strava 运动数据...
[2026-03-15 06:01:24] ✅ 成功获取 30 条运动记录
[2026-03-15 06:01:24] 📁 数据已保存：data/strava/latest-activities.json
[2026-03-15 06:01:24] === Strava 数据同步完成 ===
[2026-03-15 07:03:34] === Strava 数据同步开始 ===
[2026-03-15 07:03:34] ✅ Token 已就绪
[2026-03-15 07:03:34] 📊 获取 Strava 运动数据...
[2026-03-15 07:03:36] ✅ 成功获取 30 条运动记录
[2026-03-15 07:03:36] 📁 数据已保存：data/strava/latest-activities.json
[2026-03-15 07:03:36] === Strava 数据同步完成 ===
[2026-03-15 07:05:27] === Strava 数据同步开始 ===
[2026-03-15 07:05:27] ✅ Token 已就绪
[2026-03-15 07:05:27] 📊 获取 Strava 运动数据...
[2026-03-15 07:05:28] ✅ 成功获取 30 条运动记录
[2026-03-15 07:05:28] 📁 数据已保存：data/strava/latest-activities.json
[2026-03-15 07:05:28] === Strava 数据同步完成 ===
[2026-03-15 08:00:50] === Strava 数据同步开始 ===
[2026-03-15 08:00:51] ✅ Token 已就绪
[2026-03-15 08:00:51] 📊 获取 Strava 运动数据...
[2026-03-15 08:00:53] ✅ 成功获取 30 条运动记录
[2026-03-15 08:00:53] 📁 数据已保存：data/strava/latest-activities.json
[2026-03-15 08:00:53] === Strava 数据同步完成 ===
[2026-03-15 08:09:15] === Strava 数据同步开始 ===
[2026-03-15 08:09:16] ✅ Token 已就绪
[2026-03-15 08:09:16] 📊 获取 Strava 运动数据...
[2026-03-15 08:09:17] ✅ 成功获取 30 条运动记录
[2026-03-15 08:09:17] 📁 数据已保存：data/strava/latest-activities.json
[2026-03-15 08:09:17] === Strava 数据同步完成 ===
[2026-03-15 09:01:39] === Strava 数据同步开始 ===
[2026-03-15 09:01:39] ✅ Token 已就绪
[2026-03-15 09:01:39] 📊 获取 Strava 运动数据...
[2026-03-15 09:01:41] ✅ 成功获取 30 条运动记录
[2026-03-15 09:01:41] 📁 数据已保存：data/strava/latest-activities.json
[2026-03-15 09:01:41] === Strava 数据同步完成 ===
[2026-03-15 10:01:19] === Strava 数据同步开始 ===
[2026-03-15 10:01:19] ✅ Token 已就绪
[2026-03-15 10:01:19] 📊 获取 Strava 运动数据...
[2026-03-15 10:01:21] ✅ 成功获取 30 条运动记录
[2026-03-15 10:01:21] 📁 数据已保存：data/strava/latest-activities.json
[2026-03-15 10:01:21] === Strava 数据同步完成 ===
[2026-03-15 11:01:23] === Strava 数据同步开始 ===
[2026-03-15 11:01:24] ✅ Token 已就绪
[2026-03-15 11:01:24] 📊 获取 Strava 运动数据...
[2026-03-15 11:01:27] ✅ 成功获取 30 条运动记录
[2026-03-15 11:01:27] 📁 数据已保存：data/strava/latest-activities.json
[2026-03-15 11:01:27] === Strava 数据同步完成 ===
[2026-03-15 12:01:47] === Strava 数据同步开始 ===
[2026-03-15 12:01:47] ✅ Token 已就绪
[2026-03-15 12:01:47] 📊 获取 Strava 运动数据...
[2026-03-15 12:01:49] ✅ 成功获取 30 条运动记录
[2026-03-15 12:01:49] 📁 数据已保存：data/strava/latest-activities.json
[2026-03-15 12:01:49] === Strava 数据同步完成 ===
[2026-03-15 13:01:20] === Strava 数据同步开始 ===
[2026-03-15 13:01:20] ✅ Token 已就绪
[2026-03-15 13:01:20] 📊 获取 Strava 运动数据...
[2026-03-15 13:01:23] ✅ 成功获取 30 条运动记录
[2026-03-15 13:01:23] 📁 数据已保存：data/strava/latest-activities.json
[2026-03-15 13:01:23] === Strava 数据同步完成 ===
[2026-03-15 14:01:29] === Strava 数据同步开始 ===
[2026-03-15 14:01:30] ✅ Token 已就绪
[2026-03-15 14:01:30] 📊 获取 Strava 运动数据...
[2026-03-15 14:01:32] ✅ 成功获取 30 条运动记录
[2026-03-15 14:01:32] 📁 数据已保存：data/strava/latest-activities.json
[2026-03-15 14:01:32] === Strava 数据同步完成 ===
[2026-03-15 15:01:29] === Strava 数据同步开始 ===
[2026-03-15 15:01:29] ✅ Token 已就绪
[2026-03-15 15:01:29] 📊 获取 Strava 运动数据...
[2026-03-15 15:01:32] ✅ 成功获取 30 条运动记录
[2026-03-15 15:01:32] 📁 数据已保存：data/strava/latest-activities.json
[2026-03-15 15:01:32] === Strava 数据同步完成 ===
[2026-03-15 16:01:27] === Strava 数据同步开始 ===
[2026-03-15 16:01:27] ✅ Token 已就绪
[2026-03-15 16:01:27] 📊 获取 Strava 运动数据...
[2026-03-15 16:01:31] ✅ 成功获取 30 条运动记录
[2026-03-15 16:01:31] 📁 数据已保存：data/strava/latest-activities.json
[2026-03-15 16:01:31] === Strava 数据同步完成 ===
[2026-03-15 17:01:27] === Strava 数据同步开始 ===
[2026-03-15 17:01:27] ✅ Token 已就绪
[2026-03-15 17:01:27] 📊 获取 Strava 运动数据...
[2026-03-15 17:01:29] ✅ 成功获取 30 条运动记录
[2026-03-15 17:01:29] 📁 数据已保存：data/strava/latest-activities.json
[2026-03-15 17:01:29] === Strava 数据同步完成 ===
[2026-03-15 18:01:27] === Strava 数据同步开始 ===
[2026-03-15 18:01:28] ✅ Token 已就绪
[2026-03-15 18:01:28] 📊 获取 Strava 运动数据...
[2026-03-15 18:01:30] ✅ 成功获取 30 条运动记录
[2026-03-15 18:01:30] 📁 数据已保存：data/strava/latest-activities.json
[2026-03-15 18:01:30] === Strava 数据同步完成 ===
[2026-03-15 19:01:23] === Strava 数据同步开始 ===
[2026-03-15 19:01:23] ✅ Token 已就绪
[2026-03-15 19:01:23] 📊 获取 Strava 运动数据...
[2026-03-15 19:01:26] ✅ 成功获取 30 条运动记录
[2026-03-15 19:01:26] 📁 数据已保存：data/strava/latest-activities.json
[2026-03-15 19:01:26] === Strava 数据同步完成 ===
[2026-03-15 20:03:09] === Strava 数据同步开始 ===
[2026-03-15 20:03:10] ✅ Token 已就绪
[2026-03-15 20:03:10] 📊 获取 Strava 运动数据...
[2026-03-15 20:03:13] ✅ 成功获取 30 条运动记录
[2026-03-15 20:03:13] 📁 数据已保存：data/strava/latest-activities.json
[2026-03-15 20:03:13] === Strava 数据同步完成 ===
[2026-03-15 21:02:36] === Strava 数据同步开始 ===
[2026-03-15 21:02:36] ✅ Token 已就绪
[2026-03-15 21:02:36] 📊 获取 Strava 运动数据...
[2026-03-15 21:02:41] ✅ 成功获取 30 条运动记录
[2026-03-15 21:02:41] 📁 数据已保存：data/strava/latest-activities.json
[2026-03-15 21:02:41] === Strava 数据同步完成 ===
[2026-03-15 21:55:50] === Strava 数据同步开始 ===
[2026-03-15 21:55:50] ✅ Token 已就绪
[2026-03-15 21:55:50] 📊 获取 Strava 运动数据...
[2026-03-15 21:55:53] ✅ 成功获取 30 条运动记录
[2026-03-15 21:55:53] 📁 数据已保存：data/strava/latest-activities.json
[2026-03-15 21:55:53] === Strava 数据同步完成 ===
[2026-03-15 22:01:55] === Strava 数据同步开始 ===
[2026-03-15 22:01:55] ✅ Token 已就绪
[2026-03-15 22:01:55] 📊 获取 Strava 运动数据...
[2026-03-15 22:01:58] ✅ 成功获取 30 条运动记录
[2026-03-15 22:01:58] 📁 数据已保存：data/strava/latest-activities.json
[2026-03-15 22:01:58] === Strava 数据同步完成 ===
[2026-03-15 23:01:32] === Strava 数据同步开始 ===
[2026-03-15 23:01:33] ✅ Token 已就绪
[2026-03-15 23:01:33] 📊 获取 Strava 运动数据...
[2026-03-15 23:01:35] ✅ 成功获取 30 条运动记录
[2026-03-15 23:01:35] 📁 数据已保存：data/strava/latest-activities.json
[2026-03-15 23:01:35] === Strava 数据同步完成 ===
[2026-03-16 00:01:32] === Strava 数据同步开始 ===
[2026-03-16 00:01:32] ✅ Token 已就绪
[2026-03-16 00:01:32] 📊 获取 Strava 运动数据...
[2026-03-16 00:01:35] ✅ 成功获取 30 条运动记录
[2026-03-16 00:01:35] 📁 数据已保存：data/strava/latest-activities.json
[2026-03-16 00:01:35] === Strava 数据同步完成 ===
[2026-03-16 01:01:32] === Strava 数据同步开始 ===
[2026-03-16 01:01:32] ✅ Token 已就绪
[2026-03-16 01:01:32] 📊 获取 Strava 运动数据...
[2026-03-16 01:01:34] ✅ 成功获取 30 条运动记录
[2026-03-16 01:01:34] 📁 数据已保存：data/strava/latest-activities.json
[2026-03-16 01:01:34] === Strava 数据同步完成 ===
[2026-03-16 02:01:21] === Strava 数据同步开始 ===
[2026-03-16 02:01:22] ✅ Token 已就绪
[2026-03-16 02:01:22] 📊 获取 Strava 运动数据...
[2026-03-16 02:01:24] ✅ 成功获取 30 条运动记录
[2026-03-16 02:01:24] 📁 数据已保存：data/strava/latest-activities.json
[2026-03-16 02:01:24] === Strava 数据同步完成 ===
[2026-03-16 03:01:54] === Strava 数据同步开始 ===
[2026-03-16 03:01:54] ✅ Token 已就绪
[2026-03-16 03:01:54] 📊 获取 Strava 运动数据...
[2026-03-16 03:01:56] ✅ 成功获取 30 条运动记录
[2026-03-16 03:01:56] 📁 数据已保存：data/strava/latest-activities.json
[2026-03-16 03:01:56] === Strava 数据同步完成 ===
[2026-03-16 04:01:29] === Strava 数据同步开始 ===
[2026-03-16 04:01:30] ✅ Token 已就绪
[2026-03-16 04:01:30] 📊 获取 Strava 运动数据...
[2026-03-16 04:01:31] ✅ 成功获取 30 条运动记录
[2026-03-16 04:01:31] 📁 数据已保存：data/strava/latest-activities.json
[2026-03-16 04:01:31] === Strava 数据同步完成 ===
[2026-03-16 05:01:22] === Strava 数据同步开始 ===
[2026-03-16 05:01:22] ✅ Token 已就绪
[2026-03-16 05:01:22] 📊 获取 Strava 运动数据...
[2026-03-16 05:01:24] ✅ 成功获取 30 条运动记录
[2026-03-16 05:01:24] 📁 数据已保存：data/strava/latest-activities.json
[2026-03-16 05:01:24] === Strava 数据同步完成 ===
[2026-03-16 06:01:55] === Strava 数据同步开始 ===
[2026-03-16 06:01:55] ✅ Token 已就绪
[2026-03-16 06:01:55] 📊 获取 Strava 运动数据...
[2026-03-16 06:01:57] ✅ 成功获取 30 条运动记录
[2026-03-16 06:01:57] 📁 数据已保存：data/strava/latest-activities.json
[2026-03-16 06:01:57] === Strava 数据同步完成 ===
[2026-03-16 07:05:01] === Strava 数据同步开始 ===
[2026-03-16 07:05:01] ✅ Token 已就绪
[2026-03-16 07:05:01] 📊 获取 Strava 运动数据...
[2026-03-16 07:05:04] ✅ 成功获取 30 条运动记录
[2026-03-16 07:05:04] 📁 数据已保存：data/strava/latest-activities.json
[2026-03-16 07:05:04] === Strava 数据同步完成 ===
[2026-03-16 08:00:41] === Strava 数据同步开始 ===
[2026-03-16 08:00:42] ✅ Token 已就绪
[2026-03-16 08:00:42] 📊 获取 Strava 运动数据...
[2026-03-16 08:00:43] ✅ 成功获取 30 条运动记录
[2026-03-16 08:00:43] 📁 数据已保存：data/strava/latest-activities.json
[2026-03-16 08:00:43] === Strava 数据同步完成 ===
[2026-03-16 08:02:57] === Strava 数据同步开始 ===
[2026-03-16 08:02:57] ✅ Token 已就绪
[2026-03-16 08:02:57] 📊 获取 Strava 运动数据...
[2026-03-16 08:02:58] ✅ 成功获取 30 条运动记录
[2026-03-16 08:02:58] 📁 数据已保存：data/strava/latest-activities.json
[2026-03-16 08:02:58] === Strava 数据同步完成 ===
[2026-03-16 09:02:55] === Strava 数据同步开始 ===
[2026-03-16 09:02:55] ✅ Token 已就绪
[2026-03-16 09:02:55] 📊 获取 Strava 运动数据...
[2026-03-16 09:02:57] ✅ 成功获取 30 条运动记录
[2026-03-16 09:02:57] 📁 数据已保存：data/strava/latest-activities.json
[2026-03-16 09:02:57] === Strava 数据同步完成 ===
[2026-03-16 10:01:28] === Strava 数据同步开始 ===
[2026-03-16 10:01:29] ✅ Token 已就绪
[2026-03-16 10:01:29] 📊 获取 Strava 运动数据...
[2026-03-16 10:01:31] ✅ 成功获取 30 条运动记录
[2026-03-16 10:01:31] 📁 数据已保存：data/strava/latest-activities.json
[2026-03-16 10:01:31] === Strava 数据同步完成 ===
[2026-03-16 11:01:20] === Strava 数据同步开始 ===
[2026-03-16 11:01:20] ✅ Token 已就绪
[2026-03-16 11:01:20] 📊 获取 Strava 运动数据...
[2026-03-16 11:01:22] ✅ 成功获取 30 条运动记录
[2026-03-16 11:01:22] 📁 数据已保存：data/strava/latest-activities.json
[2026-03-16 11:01:22] === Strava 数据同步完成 ===
[2026-03-16 12:01:20] === Strava 数据同步开始 ===
[2026-03-16 12:01:20] ✅ Token 已就绪
[2026-03-16 12:01:20] 📊 获取 Strava 运动数据...
[2026-03-16 12:01:25] ✅ 成功获取 30 条运动记录
[2026-03-16 12:01:25] 📁 数据已保存：data/strava/latest-activities.json
[2026-03-16 12:01:25] === Strava 数据同步完成 ===
[2026-03-16 13:01:50] === Strava 数据同步开始 ===
[2026-03-16 13:01:50] ✅ Token 已就绪
[2026-03-16 13:01:50] 📊 获取 Strava 运动数据...
[2026-03-16 13:01:52] ✅ 成功获取 30 条运动记录
[2026-03-16 13:01:52] 📁 数据已保存：data/strava/latest-activities.json
[2026-03-16 13:01:52] === Strava 数据同步完成 ===
[2026-03-16 14:01:35] === Strava 数据同步开始 ===
[2026-03-16 14:01:37] ✅ Token 已就绪
[2026-03-16 14:01:37] 📊 获取 Strava 运动数据...
[2026-03-16 14:01:40] ✅ 成功获取 30 条运动记录
[2026-03-16 14:01:40] 📁 数据已保存：data/strava/latest-activities.json
[2026-03-16 14:01:40] === Strava 数据同步完成 ===
[2026-03-16 16:13:43] === Strava 数据同步开始 ===
[2026-03-16 16:13:43] ✅ Token 已就绪
[2026-03-16 16:13:43] 📊 获取 Strava 运动数据...
[2026-03-16 16:13:45] ✅ 成功获取 30 条运动记录
[2026-03-16 16:13:45] 📁 数据已保存：data/strava/latest-activities.json
[2026-03-16 16:13:45] === Strava 数据同步完成 ===
[2026-03-16 17:02:07] === Strava 数据同步开始 ===
[2026-03-16 17:02:07] ✅ Token 已就绪
[2026-03-16 17:02:07] 📊 获取 Strava 运动数据...
[2026-03-16 17:02:09] ✅ 成功获取 30 条运动记录
[2026-03-16 17:02:09] 📁 数据已保存：data/strava/latest-activities.json
[2026-03-16 17:02:09] === Strava 数据同步完成 ===
[2026-03-16 18:01:28] === Strava 数据同步开始 ===
[2026-03-16 18:01:28] ✅ Token 已就绪
[2026-03-16 18:01:28] 📊 获取 Strava 运动数据...
[2026-03-16 18:01:31] ✅ 成功获取 30 条运动记录
[2026-03-16 18:01:31] 📁 数据已保存：data/strava/latest-activities.json
[2026-03-16 18:01:31] === Strava 数据同步完成 ===
[2026-03-16 19:01:26] === Strava 数据同步开始 ===
[2026-03-16 19:01:26] ✅ Token 已就绪
[2026-03-16 19:01:26] 📊 获取 Strava 运动数据...
[2026-03-16 19:01:28] ✅ 成功获取 30 条运动记录
[2026-03-16 19:01:28] 📁 数据已保存：data/strava/latest-activities.json
[2026-03-16 19:01:28] === Strava 数据同步完成 ===
[2026-03-16 20:01:32] === Strava 数据同步开始 ===
[2026-03-16 20:01:33] ✅ Token 已就绪
[2026-03-16 20:01:33] 📊 获取 Strava 运动数据...
[2026-03-16 20:01:35] ✅ 成功获取 30 条运动记录
[2026-03-16 20:01:35] 📁 数据已保存：data/strava/latest-activities.json
[2026-03-16 20:01:35] === Strava 数据同步完成 ===
[2026-03-16 21:01:41] === Strava 数据同步开始 ===
[2026-03-16 21:01:41] ✅ Token 已就绪
[2026-03-16 21:01:41] 📊 获取 Strava 运动数据...
[2026-03-16 21:01:43] ✅ 成功获取 30 条运动记录
[2026-03-16 21:01:43] 📁 数据已保存：data/strava/latest-activities.json
[2026-03-16 21:01:43] === Strava 数据同步完成 ===
[2026-03-16 22:01:45] === Strava 数据同步开始 ===
[2026-03-16 22:01:45] ✅ Token 已就绪
[2026-03-16 22:01:45] 📊 获取 Strava 运动数据...
[2026-03-16 22:01:47] ✅ 成功获取 30 条运动记录
[2026-03-16 22:01:47] 📁 数据已保存：data/strava/latest-activities.json
[2026-03-16 22:01:47] === Strava 数据同步完成 ===
[2026-03-16 23:06:26] === Strava 数据同步开始 ===
[2026-03-16 23:06:26] ✅ Token 已就绪
[2026-03-16 23:06:26] 📊 获取 Strava 运动数据...
[2026-03-16 23:06:28] ✅ 成功获取 30 条运动记录
[2026-03-16 23:06:28] 📁 数据已保存：data/strava/latest-activities.json
[2026-03-16 23:06:28] === Strava 数据同步完成 ===
[2026-03-16 23:22:12] === Strava 数据同步开始 ===
[2026-03-16 23:22:12] ✅ Token 已就绪
[2026-03-16 23:22:12] 📊 获取 Strava 运动数据...
[2026-03-16 23:22:15] ✅ 成功获取 30 条运动记录
[2026-03-16 23:22:15] 📁 数据已保存：data/strava/latest-activities.json
[2026-03-16 23:22:16] === Strava 数据同步完成 ===
[2026-03-16 23:23:16] === Strava 数据同步开始 ===
[2026-03-16 23:23:16] ✅ Token 已就绪
[2026-03-16 23:23:16] 📊 获取 Strava 运动数据...
[2026-03-16 23:23:19] ✅ 成功获取 30 条运动记录
[2026-03-16 23:23:19] 📁 数据已保存：data/strava/latest-activities.json
[2026-03-16 23:23:19] === Strava 数据同步完成 ===
[2026-03-17 00:01:55] === Strava 数据同步开始 ===
[2026-03-17 00:01:55] ✅ Token 已就绪
[2026-03-17 00:01:55] 📊 获取 Strava 运动数据...
[2026-03-17 00:01:57] ✅ 成功获取 30 条运动记录
[2026-03-17 00:01:57] 📁 数据已保存：data/strava/latest-activities.json
[2026-03-17 00:01:57] === Strava 数据同步完成 ===
[2026-03-17 01:03:25] === Strava 数据同步开始 ===
[2026-03-17 01:03:25] ✅ Token 已就绪
[2026-03-17 01:03:25] 📊 获取 Strava 运动数据...
[2026-03-17 01:03:27] ✅ 成功获取 30 条运动记录
[2026-03-17 01:03:27] 📁 数据已保存：data/strava/latest-activities.json
[2026-03-17 01:03:27] === Strava 数据同步完成 ===
[2026-03-17 02:02:03] === Strava 数据同步开始 ===
[2026-03-17 02:02:04] ✅ Token 已就绪
[2026-03-17 02:02:04] 📊 获取 Strava 运动数据...
[2026-03-17 02:02:06] ✅ 成功获取 30 条运动记录
[2026-03-17 02:02:06] 📁 数据已保存：data/strava/latest-activities.json
[2026-03-17 02:02:06] === Strava 数据同步完成 ===
[2026-03-17 03:02:47] === Strava 数据同步开始 ===
[2026-03-17 03:02:47] ✅ Token 已就绪
[2026-03-17 03:02:47] 📊 获取 Strava 运动数据...
[2026-03-17 03:02:49] ✅ 成功获取 30 条运动记录
[2026-03-17 03:02:49] 📁 数据已保存：data/strava/latest-activities.json
[2026-03-17 03:02:49] === Strava 数据同步完成 ===
[2026-03-17 04:01:31] === Strava 数据同步开始 ===
[2026-03-17 04:01:31] ✅ Token 已就绪
[2026-03-17 04:01:31] 📊 获取 Strava 运动数据...
[2026-03-17 04:01:33] ✅ 成功获取 30 条运动记录
[2026-03-17 04:01:33] 📁 数据已保存：data/strava/latest-activities.json
[2026-03-17 04:01:33] === Strava 数据同步完成 ===
[2026-03-17 05:01:40] === Strava 数据同步开始 ===
[2026-03-17 05:01:40] ✅ Token 已就绪
[2026-03-17 05:01:40] 📊 获取 Strava 运动数据...
[2026-03-17 05:01:42] ✅ 成功获取 30 条运动记录
[2026-03-17 05:01:42] 📁 数据已保存：data/strava/latest-activities.json
[2026-03-17 05:01:42] === Strava 数据同步完成 ===
[2026-03-17 06:01:25] === Strava 数据同步开始 ===
[2026-03-17 06:01:25] ✅ Token 已就绪
[2026-03-17 06:01:25] 📊 获取 Strava 运动数据...
[2026-03-17 06:01:27] ✅ 成功获取 30 条运动记录
[2026-03-17 06:01:27] 📁 数据已保存：data/strava/latest-activities.json
[2026-03-17 06:01:27] === Strava 数据同步完成 ===
[2026-03-17 08:00:27] === Strava 数据同步开始 ===
[2026-03-17 08:00:28] ✅ Token 已就绪
[2026-03-17 08:00:28] 📊 获取 Strava 运动数据...
[2026-03-17 08:00:30] ✅ 成功获取 30 条运动记录
[2026-03-17 08:00:30] 📁 数据已保存：data/strava/latest-activities.json
[2026-03-17 08:00:30] === Strava 数据同步完成 ===
[2026-03-17 08:00:30] === Strava 数据同步开始 ===
[2026-03-17 08:00:30] ✅ Token 已就绪
[2026-03-17 08:00:30] 📊 获取 Strava 运动数据...
[2026-03-17 08:00:32] ✅ 成功获取 30 条运动记录
[2026-03-17 08:00:32] 📁 数据已保存：data/strava/latest-activities.json
[2026-03-17 08:00:32] === Strava 数据同步完成 ===
[2026-03-17 08:05:40] === Strava 数据同步开始 ===
[2026-03-17 08:05:40] ✅ Token 已就绪
[2026-03-17 08:05:40] 📊 获取 Strava 运动数据...
[2026-03-17 08:05:42] ✅ 成功获取 30 条运动记录
[2026-03-17 08:05:42] 📁 数据已保存：data/strava/latest-activities.json
[2026-03-17 08:05:42] === Strava 数据同步完成 ===
[2026-03-17 09:13:07] === Strava 数据同步开始 ===
[2026-03-17 09:13:08] ✅ Token 已就绪
[2026-03-17 09:13:08] 📊 获取 Strava 运动数据...
[2026-03-17 09:13:09] ✅ 成功获取 30 条运动记录
[2026-03-17 09:13:09] 📁 数据已保存：data/strava/latest-activities.json
[2026-03-17 09:13:09] === Strava 数据同步完成 ===
[2026-03-17 10:02:07] === Strava 数据同步开始 ===
[2026-03-17 10:02:08] ✅ Token 已就绪
[2026-03-17 10:02:08] 📊 获取 Strava 运动数据...
[2026-03-17 10:02:10] ✅ 成功获取 30 条运动记录
[2026-03-17 10:02:10] 📁 数据已保存：data/strava/latest-activities.json
[2026-03-17 10:02:10] === Strava 数据同步完成 ===
[2026-03-17 14:24:41] === Strava 数据同步开始 ===
[2026-03-17 14:24:43] ✅ Token 已就绪
[2026-03-17 14:24:43] 📊 获取 Strava 运动数据...
[2026-03-17 14:24:45] ✅ 成功获取 30 条运动记录
[2026-03-17 14:24:45] 📁 数据已保存：data/strava/latest-activities.json
[2026-03-17 14:24:46] === Strava 数据同步完成 ===
[2026-03-17 16:08:55] === Strava 数据同步开始 ===
[2026-03-17 16:08:55] ✅ Token 已就绪
[2026-03-17 16:08:55] 📊 获取 Strava 运动数据...
[2026-03-17 16:08:58] ✅ 成功获取 30 条运动记录
[2026-03-17 16:08:58] 📁 数据已保存：data/strava/latest-activities.json
[2026-03-17 16:08:58] === Strava 数据同步完成 ===
[2026-03-17 21:01:27] === Strava 数据同步开始 ===
[2026-03-17 21:01:28] ✅ Token 已就绪
[2026-03-17 21:01:28] 📊 获取 Strava 运动数据...
[2026-03-17 21:01:30] ✅ 成功获取 30 条运动记录
[2026-03-17 21:01:30] 📁 数据已保存：data/strava/latest-activities.json
[2026-03-17 21:01:30] === Strava 数据同步完成 ===
[2026-03-17 22:01:41] === Strava 数据同步开始 ===
[2026-03-17 22:01:41] ✅ Token 已就绪
[2026-03-17 22:01:41] 📊 获取 Strava 运动数据...
[2026-03-17 22:01:44] ✅ 成功获取 30 条运动记录
[2026-03-17 22:01:44] 📁 数据已保存：data/strava/latest-activities.json
[2026-03-17 22:01:44] === Strava 数据同步完成 ===
[2026-03-17 23:01:43] === Strava 数据同步开始 ===
[2026-03-17 23:01:43] ✅ Token 已就绪
[2026-03-17 23:01:43] 📊 获取 Strava 运动数据...
[2026-03-17 23:01:45] ✅ 成功获取 30 条运动记录
[2026-03-17 23:01:45] 📁 数据已保存：data/strava/latest-activities.json
[2026-03-17 23:01:45] === Strava 数据同步完成 ===
[2026-03-18 00:01:41] === Strava 数据同步开始 ===
[2026-03-18 00:01:41] ✅ Token 已就绪
[2026-03-18 00:01:41] 📊 获取 Strava 运动数据...
[2026-03-18 00:01:43] ✅ 成功获取 30 条运动记录
[2026-03-18 00:01:43] 📁 数据已保存：data/strava/latest-activities.json
[2026-03-18 00:01:43] === Strava 数据同步完成 ===
[2026-03-18 01:01:48] === Strava 数据同步开始 ===
[2026-03-18 01:01:49] ✅ Token 已就绪
[2026-03-18 01:01:49] 📊 获取 Strava 运动数据...
[2026-03-18 01:01:51] ✅ 成功获取 30 条运动记录
[2026-03-18 01:01:51] 📁 数据已保存：data/strava/latest-activities.json
[2026-03-18 01:01:51] === Strava 数据同步完成 ===
[2026-03-18 02:01:40] === Strava 数据同步开始 ===
[2026-03-18 02:01:40] ✅ Token 已就绪
[2026-03-18 02:01:40] 📊 获取 Strava 运动数据...
[2026-03-18 02:01:44] ✅ 成功获取 30 条运动记录
[2026-03-18 02:01:44] 📁 数据已保存：data/strava/latest-activities.json
[2026-03-18 02:01:44] === Strava 数据同步完成 ===
[2026-03-18 03:01:47] === Strava 数据同步开始 ===
[2026-03-18 03:01:48] ✅ Token 已就绪
[2026-03-18 03:01:48] 📊 获取 Strava 运动数据...
[2026-03-18 03:01:50] ✅ 成功获取 30 条运动记录
[2026-03-18 03:01:50] 📁 数据已保存：data/strava/latest-activities.json
[2026-03-18 03:01:50] === Strava 数据同步完成 ===
[2026-03-18 04:01:29] === Strava 数据同步开始 ===
[2026-03-18 04:01:29] ✅ Token 已就绪
[2026-03-18 04:01:29] 📊 获取 Strava 运动数据...
[2026-03-18 04:01:31] ✅ 成功获取 30 条运动记录
[2026-03-18 04:01:31] 📁 数据已保存：data/strava/latest-activities.json
[2026-03-18 04:01:31] === Strava 数据同步完成 ===
[2026-03-18 05:01:32] === Strava 数据同步开始 ===
[2026-03-18 05:01:32] ✅ Token 已就绪
[2026-03-18 05:01:32] 📊 获取 Strava 运动数据...
[2026-03-18 05:01:35] ✅ 成功获取 30 条运动记录
[2026-03-18 05:01:35] 📁 数据已保存：data/strava/latest-activities.json
[2026-03-18 05:01:35] === Strava 数据同步完成 ===
[2026-03-18 06:01:28] === Strava 数据同步开始 ===
[2026-03-18 06:01:28] ✅ Token 已就绪
[2026-03-18 06:01:28] 📊 获取 Strava 运动数据...
[2026-03-18 06:01:30] ✅ 成功获取 30 条运动记录
[2026-03-18 06:01:30] 📁 数据已保存：data/strava/latest-activities.json
[2026-03-18 06:01:30] === Strava 数据同步完成 ===
[2026-03-18 07:04:00] === Strava 数据同步开始 ===
[2026-03-18 07:04:00] ✅ Token 已就绪
[2026-03-18 07:04:00] 📊 获取 Strava 运动数据...
[2026-03-18 07:04:02] ✅ 成功获取 30 条运动记录
[2026-03-18 07:04:02] 📁 数据已保存：data/strava/latest-activities.json
[2026-03-18 07:04:02] === Strava 数据同步完成 ===
[2026-03-18 08:00:07] === Strava 数据同步开始 ===
[2026-03-18 08:00:07] ✅ Token 已就绪
[2026-03-18 08:00:07] 📊 获取 Strava 运动数据...
[2026-03-18 08:00:09] ✅ 成功获取 30 条运动记录
[2026-03-18 08:00:09] 📁 数据已保存：data/strava/latest-activities.json
[2026-03-18 08:00:09] === Strava 数据同步完成 ===
[2026-03-18 08:00:09] === Strava 数据同步开始 ===
[2026-03-18 08:00:09] ✅ Token 已就绪
[2026-03-18 08:00:09] 📊 获取 Strava 运动数据...
[2026-03-18 08:00:10] ✅ 成功获取 30 条运动记录
[2026-03-18 08:00:10] 📁 数据已保存：data/strava/latest-activities.json
[2026-03-18 08:00:10] === Strava 数据同步完成 ===
[2026-03-18 08:02:13] === Strava 数据同步开始 ===
[2026-03-18 08:02:13] ✅ Token 已就绪
[2026-03-18 08:02:13] 📊 获取 Strava 运动数据...
[2026-03-18 08:02:14] ✅ 成功获取 30 条运动记录
[2026-03-18 08:02:14] 📁 数据已保存：data/strava/latest-activities.json
[2026-03-18 08:02:14] === Strava 数据同步完成 ===
[2026-03-18 09:01:27] === Strava 数据同步开始 ===
[2026-03-18 09:01:27] ✅ Token 已就绪
[2026-03-18 09:01:27] 📊 获取 Strava 运动数据...
[2026-03-18 09:01:29] ✅ 成功获取 30 条运动记录
[2026-03-18 09:01:29] 📁 数据已保存：data/strava/latest-activities.json
[2026-03-18 09:01:29] === Strava 数据同步完成 ===
[2026-03-18 11:07:48] === Strava 数据同步开始 ===
[2026-03-18 11:07:48] ✅ Token 已就绪
[2026-03-18 11:07:48] 📊 获取 Strava 运动数据...
[2026-03-18 11:07:50] ✅ 成功获取 30 条运动记录
[2026-03-18 11:07:50] 📁 数据已保存：data/strava/latest-activities.json
[2026-03-18 11:07:50] === Strava 数据同步完成 ===
[2026-03-18 11:08:09] === Strava 数据同步开始 ===
[2026-03-18 11:08:09] === Strava 数据同步开始 ===
[2026-03-18 11:08:10] ✅ Token 已就绪
[2026-03-18 11:08:10] ✅ Token 已就绪
[2026-03-18 11:08:10] 📊 获取 Strava 运动数据...
[2026-03-18 11:08:10] 📊 获取 Strava 运动数据...
[2026-03-18 11:08:11] ✅ 成功获取 30 条运动记录
[2026-03-18 11:08:11] ✅ 成功获取 30 条运动记录
[2026-03-18 11:08:11] 📁 数据已保存：data/strava/latest-activities.json
[2026-03-18 11:08:11] 📁 数据已保存：data/strava/latest-activities.json
🏃 最新活动: Zwift - Cobbled Crown in Richmond
   日期: 2026-03-17 20:53
   类型: VirtualRide
   距离: 24.43km
   时长: 54分钟
[2026-03-18 11:08:11] === Strava 数据同步完成 ===
[2026-03-18 11:08:11] === Strava 数据同步完成 ===
[2026-03-18 12:03:19] === Strava 数据同步开始 ===
[2026-03-18 12:03:19] ✅ Token 已就绪
[2026-03-18 12:03:19] 📊 获取 Strava 运动数据...
[2026-03-18 12:03:21] ✅ 成功获取 30 条运动记录
[2026-03-18 12:03:21] 📁 数据已保存：data/strava/latest-activities.json
[2026-03-18 12:03:21] === Strava 数据同步完成 ===
[2026-03-18 13:02:27] === Strava 数据同步开始 ===
[2026-03-18 13:02:27] ✅ Token 已就绪
[2026-03-18 13:02:27] 📊 获取 Strava 运动数据...
[2026-03-18 13:02:28] ✅ 成功获取 30 条运动记录
[2026-03-18 13:02:28] 📁 数据已保存：data/strava/latest-activities.json
[2026-03-18 13:02:29] === Strava 数据同步完成 ===
[2026-03-18 14:12:39] === Strava 数据同步开始 ===
[2026-03-18 14:12:39] ✅ Token 已就绪
[2026-03-18 14:12:39] 📊 获取 Strava 运动数据...
[2026-03-18 14:12:41] ✅ 成功获取 30 条运动记录
[2026-03-18 14:12:41] 📁 数据已保存：data/strava/latest-activities.json
[2026-03-18 14:12:41] === Strava 数据同步完成 ===
[2026-03-18 14:12:53] === Strava 数据同步开始 ===
[2026-03-18 14:12:53] ✅ Token 已就绪
[2026-03-18 14:12:53] 📊 获取 Strava 运动数据...
[2026-03-18 14:12:54] ✅ 成功获取 30 条运动记录
[2026-03-18 14:12:54] 📁 数据已保存：data/strava/latest-activities.json
[2026-03-18 14:12:55] === Strava 数据同步完成 ===
[2026-03-18 15:16:01] === Strava 数据同步开始 ===
[2026-03-18 15:16:02] ✅ Token 已就绪
[2026-03-18 15:16:02] 📊 获取 Strava 运动数据...
[2026-03-18 15:16:04] ✅ 成功获取 30 条运动记录
[2026-03-18 15:16:04] 📁 数据已保存：data/strava/latest-activities.json
[2026-03-18 15:16:04] === Strava 数据同步完成 ===
[2026-03-18 16:01:26] === Strava 数据同步开始 ===
[2026-03-18 16:01:27] ✅ Token 已就绪
[2026-03-18 16:01:27] 📊 获取 Strava 运动数据...
[2026-03-18 16:01:31] ✅ 成功获取 30 条运动记录
[2026-03-18 16:01:31] 📁 数据已保存：data/strava/latest-activities.json
[2026-03-18 16:01:31] === Strava 数据同步完成 ===
[2026-03-18 21:11:21] === Strava 数据同步开始 ===
[2026-03-18 21:11:22] ✅ Token 已就绪
[2026-03-18 21:11:22] 📊 获取 Strava 运动数据...
[2026-03-18 21:11:25] ✅ 成功获取 30 条运动记录
[2026-03-18 21:11:25] 📁 数据已保存：data/strava/latest-activities.json
[2026-03-18 21:11:25] === Strava 数据同步完成 ===
[2026-03-18 22:01:22] === Strava 数据同步开始 ===
[2026-03-18 22:01:22] ✅ Token 已就绪
[2026-03-18 22:01:22] 📊 获取 Strava 运动数据...
[2026-03-18 22:01:24] ✅ 成功获取 30 条运动记录
[2026-03-18 22:01:24] 📁 数据已保存：data/strava/latest-activities.json
[2026-03-18 22:01:24] === Strava 数据同步完成 ===
[2026-03-18 23:01:25] === Strava 数据同步开始 ===
[2026-03-18 23:01:25] ✅ Token 已就绪
[2026-03-18 23:01:25] 📊 获取 Strava 运动数据...
[2026-03-18 23:01:27] ✅ 成功获取 30 条运动记录
[2026-03-18 23:01:27] 📁 数据已保存：data/strava/latest-activities.json
[2026-03-18 23:01:27] === Strava 数据同步完成 ===
[2026-03-19 00:22:57] === Strava 数据同步开始 ===
[2026-03-19 00:22:57] ✅ Token 已就绪
[2026-03-19 00:22:57] 📊 获取 Strava 运动数据...
[2026-03-19 00:23:01] ✅ 成功获取 30 条运动记录
[2026-03-19 00:23:01] 📁 数据已保存：data/strava/latest-activities.json
[2026-03-19 00:23:01] === Strava 数据同步完成 ===
[2026-03-19 01:37:25] === Strava 数据同步开始 ===
[2026-03-19 01:37:26] ✅ Token 已就绪
[2026-03-19 01:37:26] 📊 获取 Strava 运动数据...
[2026-03-19 01:37:27] ✅ 成功获取 30 条运动记录
[2026-03-19 01:37:27] 📁 数据已保存：data/strava/latest-activities.json
[2026-03-19 01:37:27] === Strava 数据同步完成 ===
[2026-03-19 01:40:00] === Strava 数据同步开始 ===
[2026-03-19 01:40:00] ✅ Token 已就绪
[2026-03-19 01:40:00] 📊 获取 Strava 运动数据...
[2026-03-19 01:40:02] ✅ 成功获取 30 条运动记录
[2026-03-19 01:40:02] 📁 数据已保存：data/strava/latest-activities.json
[2026-03-19 01:40:02] === Strava 数据同步完成 ===
[2026-03-19 01:43:55] ========================================
[2026-03-19 01:43:55] === Strava 数据同步开始 (超时：60秒) ===
[2026-03-19 01:43:55] ✅ Token 已就绪
[2026-03-19 01:43:55] 📊 获取 Strava 运动数据...
[2026-03-19 01:43:57] ✅ 成功获取 30 条运动记录
[2026-03-19 01:43:57] 📁 数据已保存：data/strava/latest-activities.json
[2026-03-19 01:43:57] === Strava 数据同步完成 ===
[2026-03-19 01:43:57] 清理临时资源...
[2026-03-19 01:43:57] ✅ Strava 同步完成
[2026-03-19 01:45:24] ========================================
[2026-03-19 01:45:24] === Strava 数据同步开始 (超时：60秒) ===
[2026-03-19 01:45:24] ✅ Token 已就绪
[2026-03-19 01:45:24] 📊 获取 Strava 运动数据...
[2026-03-19 01:45:26] ✅ 成功获取 30 条运动记录
[2026-03-19 01:45:26] 📁 数据已保存：data/strava/latest-activities.json
[2026-03-19 01:45:26] === Strava 数据同步完成 ===
[2026-03-19 01:45:26] 清理临时资源...
[2026-03-19 01:45:26] ✅ Strava 同步完成
[2026-03-19 01:46:28] ========================================
[2026-03-19 01:46:28] === Strava 数据同步开始 (超时：60秒) ===
[2026-03-19 01:46:28] ✅ Token 已就绪
[2026-03-19 01:46:28] 📊 获取 Strava 运动数据...
[2026-03-19 01:46:29] ✅ 成功获取 30 条运动记录
[2026-03-19 01:46:29] 📁 数据已保存：data/strava/latest-activities.json
[2026-03-19 01:46:29] === Strava 数据同步完成 ===
[2026-03-19 01:46:29] 清理临时资源...
[2026-03-19 01:46:29] ✅ Strava 同步完成
[2026-03-19 04:01:28] ========================================
[2026-03-19 04:01:28] === Strava 数据同步开始 (超时：60秒) ===
[2026-03-19 04:01:30] ✅ Token 已就绪
[2026-03-19 04:01:30] 📊 获取 Strava 运动数据...
[2026-03-19 04:01:32] ✅ 成功获取 30 条运动记录
[2026-03-19 04:01:32] 📁 数据已保存：data/strava/latest-activities.json
[2026-03-19 04:01:32] === Strava 数据同步完成 ===
[2026-03-19 04:01:32] 清理临时资源...
[2026-03-19 04:01:32] ✅ Strava 同步完成
[2026-03-19 05:02:55] ========================================
[2026-03-19 05:02:55] === Strava 数据同步开始 (超时：60秒) ===
[2026-03-19 05:02:55] ✅ Token 已就绪
[2026-03-19 05:02:55] 📊 获取 Strava 运动数据...
[2026-03-19 05:02:57] ✅ 成功获取 30 条运动记录
[2026-03-19 05:02:57] 📁 数据已保存：data/strava/latest-activities.json
[2026-03-19 05:02:57] === Strava 数据同步完成 ===
[2026-03-19 05:02:57] 清理临时资源...
[2026-03-19 05:02:57] ✅ Strava 同步完成
[2026-03-19 06:04:29] ========================================
[2026-03-19 06:04:29] === Strava 数据同步开始 (超时：60秒) ===
[2026-03-19 06:04:29] ✅ Token 已就绪
[2026-03-19 06:04:29] 📊 获取 Strava 运动数据...
[2026-03-19 06:04:31] ✅ 成功获取 30 条运动记录
[2026-03-19 06:04:31] 📁 数据已保存：data/strava/latest-activities.json
[2026-03-19 06:04:31] === Strava 数据同步完成 ===
[2026-03-19 06:04:31] 清理临时资源...
[2026-03-19 06:04:31] ✅ Strava 同步完成
[2026-03-19 07:08:35] ========================================
[2026-03-19 07:08:35] === Strava 数据同步开始 (超时：60秒) ===
[2026-03-19 07:08:35] ✅ Token 已就绪
[2026-03-19 07:08:35] 📊 获取 Strava 运动数据...
[2026-03-19 07:08:37] ✅ 成功获取 30 条运动记录
[2026-03-19 07:08:37] 📁 数据已保存：data/strava/latest-activities.json
[2026-03-19 07:08:37] === Strava 数据同步完成 ===
[2026-03-19 07:08:37] 清理临时资源...
[2026-03-19 07:08:37] ✅ Strava 同步完成
[2026-03-19 08:00:09] ========================================
[2026-03-19 08:00:09] === Strava 数据同步开始 (超时：60秒) ===
[2026-03-19 08:00:09] ✅ Token 已就绪
[2026-03-19 08:00:09] 📊 获取 Strava 运动数据...
[2026-03-19 08:00:11] ✅ 成功获取 30 条运动记录
[2026-03-19 08:00:11] 📁 数据已保存：data/strava/latest-activities.json
[2026-03-19 08:00:11] === Strava 数据同步完成 ===
[2026-03-19 08:00:11] 清理临时资源...
[2026-03-19 08:00:11] ✅ Strava 同步完成
[2026-03-19 08:00:11] ========================================
[2026-03-19 08:00:11] === Strava 数据同步开始 (超时：60秒) ===
[2026-03-19 08:00:11] ✅ Token 已就绪
[2026-03-19 08:00:11] 📊 获取 Strava 运动数据...
[2026-03-19 08:00:13] ✅ 成功获取 30 条运动记录
[2026-03-19 08:00:13] 📁 数据已保存：data/strava/latest-activities.json
[2026-03-19 08:00:13] === Strava 数据同步完成 ===
[2026-03-19 08:00:13] 清理临时资源...
[2026-03-19 08:00:13] ✅ Strava 同步完成
[2026-03-19 08:03:08] ========================================
[2026-03-19 08:03:08] === Strava 数据同步开始 (超时：60秒) ===
[2026-03-19 08:03:08] ✅ Token 已就绪
[2026-03-19 08:03:08] 📊 获取 Strava 运动数据...
[2026-03-19 08:03:10] ✅ 成功获取 30 条运动记录
[2026-03-19 08:03:10] 📁 数据已保存：data/strava/latest-activities.json
[2026-03-19 08:03:10] === Strava 数据同步完成 ===
[2026-03-19 08:03:10] 清理临时资源...
[2026-03-19 08:03:10] ✅ Strava 同步完成
[2026-03-19 09:57:38] ========================================
[2026-03-19 09:57:38] === Strava 数据同步开始 (超时：60秒) ===
[2026-03-19 09:57:39] ✅ Token 已就绪
[2026-03-19 09:57:39] 📊 获取 Strava 运动数据...
[2026-03-19 09:57:41] ✅ 成功获取 30 条运动记录
[2026-03-19 09:57:41] 📁 数据已保存：data/strava/latest-activities.json
[2026-03-19 09:57:41] === Strava 数据同步完成 ===
[2026-03-19 09:57:41] 清理临时资源...
[2026-03-19 09:57:41] ✅ Strava 同步完成
[2026-03-19 10:01:27] ========================================
[2026-03-19 10:01:27] === Strava 数据同步开始 (超时：60秒) ===
[2026-03-19 10:01:28] ✅ Token 已就绪
[2026-03-19 10:01:28] 📊 获取 Strava 运动数据...
[2026-03-19 10:01:28] 清理临时资源...
[2026-03-19 10:01:28] ❌ Strava 同步失败 (6)
[2026-03-19 13:01:29] ========================================
[2026-03-19 13:01:29] === Strava 数据同步开始 (超时：60秒) ===
[2026-03-19 13:01:30] ✅ Token 已就绪
[2026-03-19 13:01:30] 📊 获取 Strava 运动数据...
[2026-03-19 13:01:32] ✅ 成功获取 30 条运动记录
[2026-03-19 13:01:32] 📁 数据已保存：data/strava/latest-activities.json
[2026-03-19 13:01:32] === Strava 数据同步完成 ===
[2026-03-19 13:01:32] 清理临时资源...
[2026-03-19 13:01:32] ✅ Strava 同步完成
[2026-03-19 14:02:08] ========================================
[2026-03-19 14:02:08] === Strava 数据同步开始 (超时：60秒) ===
[2026-03-19 14:02:08] ✅ Token 已就绪
[2026-03-19 14:02:08] 📊 获取 Strava 运动数据...
[2026-03-19 14:02:11] ✅ 成功获取 30 条运动记录
[2026-03-19 14:02:11] 📁 数据已保存：data/strava/latest-activities.json
[2026-03-19 14:02:11] === Strava 数据同步完成 ===
[2026-03-19 14:02:11] 清理临时资源...
[2026-03-19 14:02:11] ✅ Strava 同步完成
[2026-03-19 16:08:15] ========================================
[2026-03-19 16:08:15] === Strava 数据同步开始 (超时：60秒) ===
[2026-03-19 17:01:39] ========================================
[2026-03-19 17:01:39] === Strava 数据同步开始 (超时：60秒) ===
[2026-03-19 17:01:40] ✅ Token 已就绪
[2026-03-19 17:01:40] 📊 获取 Strava 运动数据...
[2026-03-19 17:01:42] ✅ 成功获取 30 条运动记录
[2026-03-19 17:01:42] 📁 数据已保存：data/strava/latest-activities.json
[2026-03-19 17:01:42] === Strava 数据同步完成 ===
[2026-03-19 17:01:42] 清理临时资源...
[2026-03-19 17:01:42] ✅ Strava 同步完成
[2026-03-19 18:01:44] ========================================
[2026-03-19 18:01:44] === Strava 数据同步开始 (超时：60秒) ===
[2026-03-19 18:01:44] ✅ Token 已就绪
[2026-03-19 18:01:44] 📊 获取 Strava 运动数据...
[2026-03-19 18:01:46] ✅ 成功获取 30 条运动记录
[2026-03-19 18:01:46] 📁 数据已保存：data/strava/latest-activities.json
[2026-03-19 18:01:46] === Strava 数据同步完成 ===
[2026-03-19 18:01:46] 清理临时资源...
[2026-03-19 18:01:46] ✅ Strava 同步完成
[2026-03-19 19:01:30] ========================================
[2026-03-19 19:01:30] === Strava 数据同步开始 (超时：60秒) ===
[2026-03-19 19:01:30] ✅ Token 已就绪
[2026-03-19 19:01:30] 📊 获取 Strava 运动数据...
[2026-03-19 19:01:32] ✅ 成功获取 30 条运动记录
[2026-03-19 19:01:32] 📁 数据已保存：data/strava/latest-activities.json
[2026-03-19 19:01:32] === Strava 数据同步完成 ===
[2026-03-19 19:01:32] 清理临时资源...
[2026-03-19 19:01:32] ✅ Strava 同步完成
[2026-03-19 20:01:37] ========================================
[2026-03-19 20:01:37] === Strava 数据同步开始 (超时：60秒) ===
[2026-03-19 20:01:37] ✅ Token 已就绪
[2026-03-19 20:01:37] 📊 获取 Strava 运动数据...
[2026-03-19 20:01:40] ✅ 成功获取 30 条运动记录
[2026-03-19 20:01:40] 📁 数据已保存：data/strava/latest-activities.json
[2026-03-19 20:01:40] === Strava 数据同步完成 ===
[2026-03-19 20:01:40] 清理临时资源...
[2026-03-19 20:01:40] ✅ Strava 同步完成
[2026-03-19 21:03:01] ========================================
[2026-03-19 21:03:01] === Strava 数据同步开始 (超时：60秒) ===
[2026-03-19 21:03:01] ✅ Token 已就绪
[2026-03-19 21:03:01] 📊 获取 Strava 运动数据...
[2026-03-19 21:03:03] ✅ 成功获取 30 条运动记录
[2026-03-19 21:03:03] 📁 数据已保存：data/strava/latest-activities.json
[2026-03-19 21:03:03] === Strava 数据同步完成 ===
[2026-03-19 21:03:03] 清理临时资源...
[2026-03-19 21:03:03] ✅ Strava 同步完成
[2026-03-19 22:01:36] ========================================
[2026-03-19 22:01:36] === Strava 数据同步开始 (超时：60秒) ===
[2026-03-19 22:01:36] ✅ Token 已就绪
[2026-03-19 22:01:36] 📊 获取 Strava 运动数据...
[2026-03-19 22:01:39] ✅ 成功获取 30 条运动记录
[2026-03-19 22:01:39] 📁 数据已保存：data/strava/latest-activities.json
[2026-03-19 22:01:39] === Strava 数据同步完成 ===
[2026-03-19 22:01:39] 清理临时资源...
[2026-03-19 22:01:39] ✅ Strava 同步完成
[2026-03-19 23:01:39] ========================================
[2026-03-19 23:01:39] === Strava 数据同步开始 (超时：60秒) ===
[2026-03-19 23:01:40] ✅ Token 已就绪
[2026-03-19 23:01:40] 📊 获取 Strava 运动数据...
[2026-03-19 23:01:43] ✅ 成功获取 30 条运动记录
[2026-03-19 23:01:43] 📁 数据已保存：data/strava/latest-activities.json
[2026-03-19 23:01:43] === Strava 数据同步完成 ===
[2026-03-19 23:01:43] 清理临时资源...
[2026-03-19 23:01:43] ✅ Strava 同步完成
[2026-03-20 00:01:25] ========================================
[2026-03-20 00:01:25] === Strava 数据同步开始 (超时：60秒) ===
[2026-03-20 00:01:26] ✅ Token 已就绪
[2026-03-20 00:01:26] 📊 获取 Strava 运动数据...
[2026-03-20 00:01:28] ✅ 成功获取 30 条运动记录
[2026-03-20 00:01:28] 📁 数据已保存：data/strava/latest-activities.json
[2026-03-20 00:01:28] === Strava 数据同步完成 ===
[2026-03-20 00:01:28] 清理临时资源...
[2026-03-20 00:01:28] ✅ Strava 同步完成
