[2026-03-15 10:37:57] === 财富堡每周复盘发送开始 ===
[2026-03-15 10:37:57] ✅ 财富堡服务器已在运行 (端口 8898)
[2026-03-15 10:37:57] 💰 财富堡访问地址：https://cheats-grant-email-specialists.trycloudflare.com
[2026-03-15 10:37:57] 📨 发送飞书消息...
Config warnings:\n- plugins.entries.feishu: plugin feishu: duplicate plugin id detected; later plugin may be overridden (/Users/liwang/.openclaw/extensions/feishu/index.ts)
│
◇  Config warnings ────────────────────────────────────────────────────────╮
│                                                                          │
│  - plugins.entries.feishu: plugin feishu: duplicate plugin id detected;  │
│    later plugin may be overridden                                        │
│    (/Users/liwang/.openclaw/extensions/feishu/index.ts)                  │
│                                                                          │
├──────────────────────────────────────────────────────────────────────────╯
[plugins] feishu_doc: Registered feishu_doc, feishu_app_scopes
[plugins] feishu_chat: Registered feishu_chat tool
[plugins] feishu_wiki: Registered feishu_wiki tool
[plugins] feishu_drive: Registered feishu_drive tool
[plugins] feishu_bitable: Registered bitable tools
Config warnings:\n- plugins.entries.feishu: plugin feishu: duplicate plugin id detected; later plugin may be overridden (/Users/liwang/.openclaw/extensions/feishu/index.ts)
[plugins] feishu_doc: Registered feishu_doc, feishu_app_scopes
[plugins] feishu_chat: Registered feishu_chat tool
[plugins] feishu_wiki: Registered feishu_wiki tool
[plugins] feishu_drive: Registered feishu_drive tool
[plugins] feishu_bitable: Registered bitable tools
[info]: [ 'client ready' ]
✅ Sent via Feishu. Message ID: om_x100b5455f648cca0c49ae104834c331 (chat ou_7781abd1e83eae23ccf01fe627f0747f)
[2026-03-15 10:38:00] ✅ 飞书消息发送成功
[2026-03-15 10:38:00] === 财富堡每周复盘发送完成 ===
[2026-03-15 10:38:00] 
[2026-03-15 20:02:45] === 财富堡每周复盘发送开始 ===
[2026-03-15 20:02:45] ✅ 财富堡服务器已在运行 (端口 8898)
[2026-03-15 20:02:45] 💰 财富堡访问地址：https://cheats-grant-email-specialists.trycloudflare.com
[2026-03-15 20:02:45] 📨 发送飞书消息...
Config warnings:\n- plugins.entries.feishu: plugin feishu: duplicate plugin id detected; later plugin may be overridden (/Users/liwang/.openclaw/extensions/feishu/index.ts)
│
◇  Config warnings ────────────────────────────────────────────────────────╮
│                                                                          │
│  - plugins.entries.feishu: plugin feishu: duplicate plugin id detected;  │
│    later plugin may be overridden                                        │
│    (/Users/liwang/.openclaw/extensions/feishu/index.ts)                  │
│                                                                          │
├──────────────────────────────────────────────────────────────────────────╯
[plugins] feishu_doc: Registered feishu_doc, feishu_app_scopes
[plugins] feishu_chat: Registered feishu_chat tool
[plugins] feishu_wiki: Registered feishu_wiki tool
[plugins] feishu_drive: Registered feishu_drive tool
[plugins] feishu_bitable: Registered bitable tools
Config warnings:\n- plugins.entries.feishu: plugin feishu: duplicate plugin id detected; later plugin may be overridden (/Users/liwang/.openclaw/extensions/feishu/index.ts)
[plugins] feishu_doc: Registered feishu_doc, feishu_app_scopes
[plugins] feishu_chat: Registered feishu_chat tool
[plugins] feishu_wiki: Registered feishu_wiki tool
[plugins] feishu_drive: Registered feishu_drive tool
[plugins] feishu_bitable: Registered bitable tools
[info]: [ 'client ready' ]
✅ Sent via Feishu. Message ID: om_x100b545db0b78ca0c2cec23218da27e (chat ou_7781abd1e83eae23ccf01fe627f0747f)
[2026-03-15 20:02:47] ✅ 飞书消息发送成功
[2026-03-15 20:02:47] === 财富堡每周复盘发送完成 ===
[2026-03-15 20:02:47] 
