🌤️ 天气任务已触发 - 2026-03-05 20:18:15
🌤️ 天气任务已触发 - 2026-03-05 20:19:39
✅ 天气预报已发送 - Thu Mar  5 20:19:50 CST 2026
🌤️ 天气任务已触发 - 2026-03-05 20:21:44
✅ 天气预报已发送 - Thu Mar  5 20:21:46 CST 2026
🌤️ 天气任务已触发 - 2026-03-05 20:23:47
✅ 天气预报已发送 - Thu Mar  5 20:23:48 CST 2026
🌤️ 天气任务已触发 - 2026-03-05 20:24:11
✅ 天气预报已发送 - Thu Mar  5 20:24:12 CST 2026
🌤️ 天气任务已触发 - 2026-03-05 20:24:47
✅ 天气预报已发送 - Thu Mar  5 20:24:54 CST 2026
🌤️ 天气任务已触发 - 2026-03-05 20:25:00
✅ 天气预报已发送 - Thu Mar  5 20:25:01 CST 2026
🌤️ 天气任务已触发 - 2026-03-05 20:26:09
✅ 天气预报已发送 - Thu Mar  5 20:26:21 CST 2026
🌤️ 天气任务已触发 - 2026-03-05 20:26:28
✅ 天气预报已发送 - Thu Mar  5 20:26:29 CST 2026
🌤️ 天气任务已触发 - 2026-03-05 20:27:44
✅ 天气预报已发送 - Thu Mar  5 20:27:45 CST 2026
🌤️ 天气任务已触发 - 2026-03-06 07:58:25
✅ 天气预报已发送 - Fri Mar  6 07:58:27 CST 2026
🌤️ 天气任务已触发 - 2026-03-08 07:00:00
✅ 天气预报已发送 - Sun Mar  8 07:00:09 CST 2026
🌤️ 天气任务已触发 - 2026-03-09 07:00:00
✅ 天气预报已发送 - Mon Mar  9 07:00:08 CST 2026
🌤️ 天气任务已触发 - 2026-03-10 07:00:03
🌤️ 天气任务已触发 - 2026-03-11 07:00:00
🌤️ 天气任务已触发 - 2026-03-12 07:00:01
🌤️ 天气任务已触发 - 2026-03-13 07:00:00
🌤️ 天气任务已触发 - 2026-03-13 07:02:34
✅ 天气预报已发送（飞书） - Fri Mar 13 07:03:10 CST 2026
🌤️ 天气任务已触发 - 2026-03-14 07:00:00
🌤️ 天气任务已触发 - 2026-03-14 07:13:35
✅ 天气预报已发送（飞书） - Sat Mar 14 07:13:41 CST 2026
🌤️ 天气任务已触发 - 2026-03-14 08:07:33
✅ 天气预报已发送（飞书） - Sat Mar 14 08:07:37 CST 2026
🌤️ 天气任务已触发 - 2026-03-15 07:00:00
🌤️ 天气任务已触发 - 2026-03-16 07:00:01
🌤️ 天气任务已触发 - 2026-03-16 07:06:48
✅ 天气预报已发送（飞书） - Mon Mar 16 07:06:53 CST 2026
🌤️ 天气任务已触发 - 2026-03-17 07:00:00
🌤️ 天气任务已触发 - 2026-03-17 07:02:20
✅ 天气预报已发送（飞书） - Tue Mar 17 07:02:29 CST 2026
🌤️ 天气任务已触发 - 2026-03-18 07:00:00
🌤️ 天气任务已触发 - 2026-03-19 06:36:22
✅ 天气预报已发送（飞书） - Thu Mar 19 06:36:36 CST 2026
🌤️ 天气任务已触发 - 2026-03-19 07:00:00
