 M .DS_Store
 M HEARTBEAT.md
 M SOUL.md
 D "agents/review-system/~$260310\346\231\232\344\270\212\344\273\273\345\212\241.docx"
 M config/feishu-webhook-config.json
 M config/strava-tokens.json
 M daily-output/growth/daily-stats/2026-03-12-growth-stats.md
 M daily-output/health/daily-stats/2026-03-11-health-stats.md
 M daily-output/health/daily-stats/2026-03-12-health-stats.md
 M data/strava/latest-activities.json
 M growth-form/index.html
 M growth-form/server.js
 M health-form/index.html
 M health-form/server.js
 M logs/castle-six-sender.log
 M logs/config-validation.log
 M logs/daily-hot-report.log
 M logs/daily-summary.log
 M logs/feishu-webhook.log
 M logs/gateway-restart.log
 M logs/github-backup.log
 M logs/growth-daily-plan.log
 M logs/growth-form.log
 M logs/growth-server.log
 M logs/health-daily-questionnaire.log
 M logs/health-form.log
 M logs/health-server.log
 M logs/health-tracker.log
 M logs/morning-news-check.log
 M logs/morning-news.log
 M logs/quiz-form.log
 M logs/quiz-server.log
 M logs/relationship-form.log
 M logs/relationship-server.log
 M logs/relationship-weekly-sender.log
 M logs/total-review-scientific.log
 M logs/total-review.log
 M logs/weather-report.log
 M memory/2026-03-12.md
 M node_modules/.package-lock.json
 D node_modules/bare-stream/LICENSE
 D node_modules/bare-stream/README.md
 D node_modules/bare-stream/global.js
 D node_modules/bare-stream/index.d.ts
 D node_modules/bare-stream/index.js
 D node_modules/bare-stream/package.json
 D node_modules/bare-stream/promises.js
 D node_modules/bare-stream/web.d.ts
 D node_modules/bare-stream/web.js
 D node_modules/is-arrayish/.editorconfig
 D node_modules/is-arrayish/.istanbul.yml
 D node_modules/is-arrayish/.npmignore
 D node_modules/is-arrayish/.travis.yml
 D node_modules/is-arrayish/LICENSE
 D node_modules/is-arrayish/README.md
 D node_modules/is-arrayish/index.js
 D node_modules/is-arrayish/package.json
 M package-lock.json
 M package.json
 M scripts/castle-six-daily-questionnaire.sh
 M scripts/daily-hot-report-ultimate.sh
 M scripts/growth-daily-review.sh
 M scripts/health-daily-questionnaire.sh
 M scripts/total-daily-brief.sh
 M scripts/total-monthly-summary.sh
 M scripts/total-weekly-review.sh
 M skills/.DS_Store
?? .backup/backup-20260316_020025.log
?? agents/review-system/feishu-webchat-mirror.md
?? agents/review-system/total-review/2026-03-15-review.md
?? daily-output/growth/daily-stats/2026-03-13-growth-stats.md
?? daily-output/growth/daily-stats/2026-03-15-growth-stats.md
?? daily-output/growth/quiz-scores/
?? daily-output/health/2026-03/2026-03-11.md
?? daily-output/health/2026-03/2026-03-12.md
?? daily-output/health/2026-03/2026-03-13.md
?? daily-output/health/2026-03/2026-03-14.md
?? daily-output/health/daily-stats/2026-03-13-health-stats.md
?? daily-output/health/daily-stats/2026-03-14-health-stats.md
?? daily-output/health/daily-stats/2026-03-15-health-stats.md
?? daily-output/wealth/
?? data/strava/activities-20260313.json
?? data/strava/activities-20260314.json
?? data/strava/activities-20260315.json
?? data/total-review/daily/2026-03/2026-03-12.md
?? data/total-review/daily/2026-03/2026-03-13.md
?? data/total-review/daily/2026-03/2026-03-14.md
?? data/total-review/daily/2026-03/2026-03-15.md
?? data/total-review/weekly/
?? logs/cloudflared-feishu.log
?? logs/cloudflared-growth.log
?? logs/cloudflared-health.log
?? logs/cloudflared-quiz.log
?? logs/cloudflared-wealth.log
?? logs/feishu-mirror-url.txt
?? logs/growth-public-url.txt
?? logs/health-public-url.txt
?? logs/lt-feishu-webhook.log
?? logs/quiz-public-url.txt
?? logs/strava-sync.log
?? logs/wealth-daily-check.log
?? logs/wealth-public-url.txt
?? logs/wealth-server.log
?? logs/wealth-weekly-check.log
?? logs/webchat-to-feishu.log
?? memory/2026-03-13.md
?? memory/2026-03-14.md
?? memory/2026-03-15.md
?? memory/webchat-mirror-state.json
?? node_modules/.bin/crc32
?? node_modules/.bin/mkdirp
?? node_modules/.bin/rimraf
?? node_modules/.bin/uuid
?? node_modules/@fast-csv/
?? node_modules/archiver-utils/
?? node_modules/archiver/
?? node_modules/async/
?? node_modules/balanced-match/
?? node_modules/bare-fs/node_modules/
?? node_modules/big-integer/
?? node_modules/binary/
?? node_modules/bluebird/
?? node_modules/brace-expansion/
?? node_modules/buffer-indexof-polyfill/
?? node_modules/buffers/
?? node_modules/chainsaw/
?? node_modules/compress-commons/
?? node_modules/concat-map/
?? node_modules/core-util-is/
?? node_modules/crc-32/
?? node_modules/crc32-stream/
?? node_modules/dayjs/
?? node_modules/duplexer2/
?? node_modules/error-ex/node_modules/
?? node_modules/exceljs/
?? node_modules/fast-csv/
?? node_modules/fs.realpath/
?? node_modules/fstream/
?? node_modules/glob/
?? node_modules/graceful-fs/
?? node_modules/immediate/
?? node_modules/inflight/
?? node_modules/isarray/
?? node_modules/jszip/
?? node_modules/lazystream/
?? node_modules/lie/
?? node_modules/listenercount/
?? node_modules/lodash.defaults/
?? node_modules/lodash.difference/
?? node_modules/lodash.escaperegexp/
?? node_modules/lodash.flatten/
?? node_modules/lodash.groupby/
?? node_modules/lodash.isboolean/
?? node_modules/lodash.isequal/
?? node_modules/lodash.isfunction/
?? node_modules/lodash.isnil/
?? node_modules/lodash.isplainobject/
?? node_modules/lodash.isundefined/
?? node_modules/lodash.union/
?? node_modules/lodash.uniq/
?? node_modules/minimatch/
?? node_modules/mkdirp/
?? node_modules/normalize-path/
?? node_modules/pako/
?? node_modules/path-is-absolute/
?? node_modules/process-nextick-args/
?? node_modules/readdir-glob/
?? node_modules/rimraf/
?? node_modules/saxes/
?? node_modules/setimmediate/
?? node_modules/simple-swizzle/node_modules/
?? node_modules/tmp/
?? node_modules/traverse/
?? node_modules/unzipper/
?? node_modules/uuid/
?? node_modules/xmlchars/
?? node_modules/zip-stream/
?? project-log/daily-summary-2026-03-12.md
?? project-log/daily-summary-2026-03-13.md
?? project-log/daily-summary-2026-03-14.md
?? project-log/daily-summary-2026-03-15.md
?? reports/analysis/analysis-2026-03-12.txt
?? reports/analysis/analysis-2026-03-13.txt
?? reports/analysis/analysis-2026-03-14.txt
?? reports/daily-hot/hot-report-ultimate-2026-03-13.md
?? reports/daily-hot/hot-report-ultimate-2026-03-14.md
?? reports/daily-hot/hot-report-ultimate-2026-03-15.md
?? reports/total-review/
?? reports/wealth/
?? scripts/create-wealth-excel-v2.js
?? scripts/create-wealth-excel-v3.js
?? scripts/create-wealth-excel-v4.js
?? scripts/create-wealth-excel.js
?? scripts/feishu-webhook-server-v2.js
?? scripts/scrape-wealth-data.py
?? scripts/send-unified-message.sh
?? scripts/start-feishu-mirror-stable.sh
?? scripts/start-feishu-mirror.sh
?? scripts/start-growth-public.sh
?? scripts/start-health-public.sh
?? scripts/start-quiz-public.sh
?? scripts/start-wealth-public.sh
?? scripts/sync-strava-data.sh
?? scripts/wealth-daily-check.sh
?? scripts/wealth-weekly-check.sh
?? scripts/webchat-to-feishu-sync-v2.sh
?? scripts/webchat-to-feishu-sync-v3.sh
?? scripts/webchat-to-feishu-sync-v4.sh
?? scripts/webchat-to-feishu-sync-v5.sh
?? scripts/webchat-to-feishu-sync-v6.sh
?? scripts/webchat-to-feishu-sync-v7.sh
?? scripts/webchat-to-feishu-sync.sh
?? skills/bank-profit-report/
?? skills/reports/
?? wealth-form/
Config warnings:\n- plugins.entries.feishu: plugin feishu: duplicate plugin id detected; later plugin may be overridden (/Users/liwang/.openclaw/extensions/feishu/index.ts)
│
◇  Config warnings ────────────────────────────────────────────────────────╮
│                                                                          │
│  - plugins.entries.feishu: plugin feishu: duplicate plugin id detected;  │
│    later plugin may be overridden                                        │
│    (/Users/liwang/.openclaw/extensions/feishu/index.ts)                  │
│                                                                          │
├──────────────────────────────────────────────────────────────────────────╯
[plugins] feishu_doc: Registered feishu_doc, feishu_app_scopes
[plugins] feishu_chat: Registered feishu_chat tool
[plugins] feishu_wiki: Registered feishu_wiki tool
[plugins] feishu_drive: Registered feishu_drive tool
[plugins] feishu_bitable: Registered bitable tools
Config warnings:\n- plugins.entries.feishu: plugin feishu: duplicate plugin id detected; later plugin may be overridden (/Users/liwang/.openclaw/extensions/feishu/index.ts)
[plugins] feishu_doc: Registered feishu_doc, feishu_app_scopes
[plugins] feishu_chat: Registered feishu_chat tool
[plugins] feishu_wiki: Registered feishu_wiki tool
[plugins] feishu_drive: Registered feishu_drive tool
[plugins] feishu_bitable: Registered bitable tools
[info]: [ 'client ready' ]
✅ Sent via Feishu. Message ID: om_x100b545b753340a8c39df7e7681e110 (chat ou_7781abd1e83eae23ccf01fe627f0747f)
